[2025-02-08T04:18:36.821Z] Invalid country
{
  "line": "\"758\",\"234\",\"\",\"SA\",\"\",\"8915\",\"CAP ESTATE\",\"NOCLLIKNOWN\",\"\",\"ICO\",\"\",\"\",\"830\",\"\"",
  "country": ""
}

[2025-02-08T04:18:36.821Z] Invalid country
{
  "line": "\"758\",\"246\",\"\",\"SA\",\"\",\"8915\",\"CAP ESTATE\",\"NOCLLIKNOWN\",\"\",\"ICO\",\"\",\"\",\"830\",\"\"",
  "country": ""
}

[2025-02-08T04:18:36.821Z] Invalid country
{
  "line": "\"758\",\"258\",\"\",\"SA\",\"\",\"8915\",\"CAP ESTATE\",\"NOCLLIKNOWN\",\"\",\"ICO\",\"\",\"\",\"830\",\"\"",
  "country": ""
}

[2025-02-08T04:18:36.821Z] Invalid country
{
  "line": "\"758\",\"268\",\"\",\"SA\",\"\",\"8915\",\"CAP ESTATE\",\"NOCLLIKNOWN\",\"\",\"ICO\",\"\",\"\",\"830\",\"\"",
  "country": ""
}

[2025-02-08T04:18:36.821Z] Invalid country
{
  "line": "\"758\",\"450\",\"\",\"SA\",\"\",\"8915\",\"CAP ESTATE\",\"NOCLLIKNOWN\",\"\",\"ICO\",\"\",\"\",\"830\",\"\"",
  "country": ""
}

[2025-02-08T04:18:36.821Z] Invalid country
{
  "line": "\"758\",\"451\",\"\",\"SA\",\"\",\"8915\",\"BABONNEAU\",\"NOCLLIKNOWN\",\"\",\"ICO\",\"\",\"\",\"830\",\"\"",
  "country": ""
}

[2025-02-08T04:18:36.821Z] Invalid country
{
  "line": "\"758\",\"452\",\"\",\"SA\",\"\",\"8915\",\"CASTRIES\",\"NOCLLIKNOWN\",\"\",\"ICO\",\"\",\"\",\"830\",\"\"",
  "country": ""
}

[2025-02-08T04:18:36.821Z] Invalid country
{
  "line": "\"758\",\"453\",\"\",\"SA\",\"\",\"8915\",\"CASTRIES\",\"NOCLLIKNOWN\",\"\",\"ICO\",\"\",\"\",\"830\",\"\"",
  "country": ""
}

[2025-02-08T04:18:36.821Z] Invalid country
{
  "line": "\"758\",\"454\",\"\",\"SA\",\"\",\"8915\",\"CASTRIES\",\"NOCLLIKNOWN\",\"\",\"ICO\",\"\",\"\",\"830\",\"\"",
  "country": ""
}

[2025-02-08T04:18:36.822Z] Invalid country
{
  "line": "\"758\",\"455\",\"\",\"SA\",\"\",\"8915\",\"VIEUX FORT\",\"NOCLLIKNOWN\",\"\",\"ICO\",\"\",\"\",\"830\",\"\"",
  "country": ""
}

[2025-02-08T04:18:36.822Z] Invalid country
{
  "line": "\"758\",\"456\",\"\",\"SA\",\"\",\"8915\",\"CASTRIES\",\"NOCLLIKNOWN\",\"\",\"ICO\",\"\",\"\",\"830\",\"\"",
  "country": ""
}

[2025-02-08T04:18:36.822Z] Invalid country
{
  "line": "\"758\",\"457\",\"\",\"SA\",\"\",\"8915\",\"CASTRIES\",\"NOCLLIKNOWN\",\"\",\"ICO\",\"\",\"\",\"830\",\"\"",
  "country": ""
}

[2025-02-08T04:18:36.822Z] Invalid country
{
  "line": "\"758\",\"458\",\"\",\"SA\",\"\",\"8915\",\"CASTRIES\",\"NOCLLIKNOWN\",\"\",\"ICO\",\"\",\"\",\"830\",\"\"",
  "country": ""
}

[2025-02-08T04:18:36.822Z] Invalid country
{
  "line": "\"758\",\"459\",\"\",\"SA\",\"\",\"8915\",\"SOUFRIERE\",\"NOCLLIKNOWN\",\"\",\"ICO\",\"\",\"\",\"830\",\"\"",
  "country": ""
}

[2025-02-08T04:18:36.822Z] Invalid country
{
  "line": "\"758\",\"468\",\"\",\"SA\",\"\",\"8915\",\"CAP ESTATE\",\"NOCLLIKNOWN\",\"\",\"ICO\",\"\",\"\",\"830\",\"\"",
  "country": ""
}

[2025-02-08T04:18:36.822Z] Invalid country
{
  "line": "\"758\",\"480\",\"\",\"SA\",\"\",\"8915\",\"CAP ESTATE\",\"NOCLLIKNOWN\",\"\",\"ICO\",\"\",\"\",\"830\",\"\"",
  "country": ""
}

[2025-02-08T04:18:36.822Z] Invalid country
{
  "line": "\"758\",\"481\",\"\",\"SA\",\"\",\"8915\",\"CASTRIES\",\"NOCLLIKNOWN\",\"\",\"ICO\",\"\",\"\",\"830\",\"\"",
  "country": ""
}

[2025-02-08T04:18:36.822Z] Invalid country
{
  "line": "\"758\",\"484\",\"\",\"SA\",\"\",\"8915\",\"CASTRIES\",\"NOCLLIKNOWN\",\"\",\"ICO\",\"\",\"\",\"830\",\"\"",
  "country": ""
}

[2025-02-08T04:18:36.822Z] Invalid country
{
  "line": "\"758\",\"485\",\"\",\"SA\",\"\",\"8915\",\"CAP ESTATE\",\"NOCLLIKNOWN\",\"\",\"ICO\",\"\",\"\",\"830\",\"\"",
  "country": ""
}

[2025-02-08T04:18:36.822Z] Invalid country
{
  "line": "\"758\",\"518\",\"\",\"SA\",\"\",\"5505\",\"CASTRIES\",\"NOCLLIKNOWN\",\"\",\"WIRELESS\",\"\",\"\",\"830\",\"\"",
  "country": ""
}

[2025-02-08T04:18:36.822Z] Invalid country
{
  "line": "\"758\",\"519\",\"\",\"SA\",\"\",\"5505\",\"CASTRIES\",\"NOCLLIKNOWN\",\"\",\"WIRELESS\",\"\",\"\",\"830\",\"\"",
  "country": ""
}

[2025-02-08T04:18:36.822Z] Invalid country
{
  "line": "\"758\",\"520\",\"\",\"SA\",\"\",\"5505\",\"CASTRIES\",\"NOCLLIKNOWN\",\"\",\"WIRELESS\",\"\",\"\",\"830\",\"\"",
  "country": ""
}

[2025-02-08T04:18:36.822Z] Invalid country
{
  "line": "\"758\",\"526\",\"\",\"SA\",\"\",\"8915\",\"CAP ESTATE\",\"NOCLLIKNOWN\",\"\",\"ICO\",\"\",\"\",\"830\",\"\"",
  "country": ""
}

[2025-02-08T04:18:36.822Z] Invalid country
{
  "line": "\"758\",\"555\",\"\",\"SA\",\"MULTIPLE OCN LISTING\",\"MULT\",\"DIR ASST\",\"NOCLLIKNOWN\",\"\",\"UNKNOWN\",\"\",\"\",\"99999\",\"\"",
  "country": ""
}

[2025-02-08T04:18:36.822Z] Invalid country
{
  "line": "\"758\",\"584\",\"\",\"SA\",\"\",\"8915\",\"CAP ESTATE\",\"NOCLLIKNOWN\",\"\",\"ICO\",\"\",\"\",\"830\",\"\"",
  "country": ""
}

[2025-02-08T04:18:36.822Z] Invalid country
{
  "line": "\"758\",\"714\",\"\",\"SA\",\"\",\"395A\",\"CASTRIES\",\"NOCLLIKNOWN\",\"\",\"UNKNOWN\",\"\",\"\",\"830\",\"\"",
  "country": ""
}

[2025-02-08T04:18:36.822Z] Invalid country
{
  "line": "\"758\",\"715\",\"\",\"SA\",\"\",\"395A\",\"CASTRIES\",\"NOCLLIKNOWN\",\"\",\"UNKNOWN\",\"\",\"\",\"830\",\"\"",
  "country": ""
}

[2025-02-08T04:18:36.823Z] Invalid country
{
  "line": "\"758\",\"716\",\"\",\"SA\",\"\",\"395A\",\"CASTRIES\",\"NOCLLIKNOWN\",\"\",\"UNKNOWN\",\"\",\"\",\"830\",\"\"",
  "country": ""
}

[2025-02-08T04:18:36.823Z] Invalid country
{
  "line": "\"758\",\"726\",\"\",\"SA\",\"\",\"8915\",\"CAP ESTATE\",\"NOCLLIKNOWN\",\"\",\"ICO\",\"\",\"\",\"830\",\"\"",
  "country": ""
}

[2025-02-08T04:18:36.823Z] Invalid country
{
  "line": "\"758\",\"727\",\"\",\"SA\",\"\",\"8915\",\"CAP ESTATE\",\"NOCLLIKNOWN\",\"\",\"ICO\",\"\",\"\",\"830\",\"\"",
  "country": ""
}

[2025-02-08T04:18:36.823Z] Invalid country
{
  "line": "\"758\",\"739\",\"\",\"SA\",\"\",\"8915\",\"CAP ESTATE\",\"NOCLLIKNOWN\",\"\",\"ICO\",\"\",\"\",\"830\",\"\"",
  "country": ""
}

[2025-02-08T04:18:36.823Z] Invalid country
{
  "line": "\"758\",\"758\",\"\",\"SA\",\"\",\"8915\",\"CAP ESTATE\",\"NOCLLIKNOWN\",\"\",\"ICO\",\"\",\"\",\"830\",\"\"",
  "country": ""
}

[2025-02-08T04:18:36.823Z] Invalid country
{
  "line": "\"758\",\"785\",\"\",\"SA\",\"\",\"8915\",\"CAP ESTATE\",\"NOCLLIKNOWN\",\"\",\"ICO\",\"\",\"\",\"830\",\"\"",
  "country": ""
}

[2025-02-08T04:18:36.823Z] Invalid country
{
  "line": "\"758\",\"996\",\"\",\"SA\",\"\",\"8915\",\"CAP ESTATE\",\"NOCLLIKNOWN\",\"\",\"ICO\",\"\",\"\",\"830\",\"\"",
  "country": ""
}

[2025-02-08T04:18:39.141Z] Invalid country
{
  "line": "\"868\",\"555\",\"\",\"TR\",\"MULTIPLE OCN LISTING\",\"MULT\",\"DIR ASST\",\"NOCLLIKNOWN\",\"\",\"UNKNOWN\",\"\",\"\",\"99999\",\"\"",
  "country": ""
}

[2025-02-08T04:18:39.142Z] Invalid country
{
  "line": "\"868\",\"619\",\"\",\"TR\",\"\",\"8918\",\"PORT SPAIN\",\"NOCLLIKNOWN\",\"\",\"ICO\",\"\",\"\",\"830\",\"\"",
  "country": ""
}

[2025-02-08T04:18:39.142Z] Invalid country
{
  "line": "\"868\",\"620\",\"\",\"TR\",\"\",\"8918\",\"PORT SPAIN\",\"NOCLLIKNOWN\",\"\",\"ICO\",\"\",\"\",\"830\",\"\"",
  "country": ""
}

[2025-02-08T04:18:39.142Z] Invalid country
{
  "line": "\"868\",\"621\",\"\",\"TR\",\"\",\"8918\",\"PORT SPAIN\",\"NOCLLIKNOWN\",\"\",\"ICO\",\"\",\"\",\"830\",\"\"",
  "country": ""
}

[2025-02-08T04:18:39.142Z] Invalid country
{
  "line": "\"868\",\"622\",\"\",\"TR\",\"\",\"8918\",\"PORT SPAIN\",\"NOCLLIKNOWN\",\"\",\"ICO\",\"\",\"\",\"830\",\"\"",
  "country": ""
}

[2025-02-08T04:18:39.142Z] Invalid country
{
  "line": "\"868\",\"623\",\"\",\"TR\",\"\",\"8918\",\"PORT SPAIN\",\"NOCLLIKNOWN\",\"\",\"ICO\",\"\",\"\",\"830\",\"\"",
  "country": ""
}

[2025-02-08T04:18:39.142Z] Invalid country
{
  "line": "\"868\",\"624\",\"\",\"TR\",\"\",\"8918\",\"PORT SPAIN\",\"NOCLLIKNOWN\",\"\",\"ICO\",\"\",\"\",\"830\",\"\"",
  "country": ""
}

[2025-02-08T04:18:39.142Z] Invalid country
{
  "line": "\"868\",\"625\",\"\",\"TR\",\"\",\"8918\",\"PORT SPAIN\",\"NOCLLIKNOWN\",\"\",\"ICO\",\"\",\"\",\"830\",\"\"",
  "country": ""
}

[2025-02-08T04:18:39.142Z] Invalid country
{
  "line": "\"868\",\"626\",\"\",\"TR\",\"\",\"8918\",\"PORT SPAIN\",\"NOCLLIKNOWN\",\"\",\"ICO\",\"\",\"\",\"830\",\"\"",
  "country": ""
}

[2025-02-08T04:18:39.142Z] Invalid country
{
  "line": "\"868\",\"627\",\"\",\"TR\",\"\",\"8918\",\"PORT SPAIN\",\"NOCLLIKNOWN\",\"\",\"ICO\",\"\",\"\",\"830\",\"\"",
  "country": ""
}

[2025-02-08T04:18:39.142Z] Invalid country
{
  "line": "\"868\",\"628\",\"\",\"TR\",\"\",\"8918\",\"PORT SPAIN\",\"NOCLLIKNOWN\",\"\",\"ICO\",\"\",\"\",\"830\",\"\"",
  "country": ""
}

[2025-02-08T04:18:39.142Z] Invalid country
{
  "line": "\"868\",\"629\",\"\",\"TR\",\"\",\"8918\",\"PORT SPAIN\",\"NOCLLIKNOWN\",\"\",\"ICO\",\"\",\"\",\"830\",\"\"",
  "country": ""
}

[2025-02-08T04:18:39.142Z] Invalid country
{
  "line": "\"868\",\"630\",\"\",\"TR\",\"\",\"8918\",\"PORT SPAIN\",\"NOCLLIKNOWN\",\"\",\"ICO\",\"\",\"\",\"830\",\"\"",
  "country": ""
}

[2025-02-08T04:18:39.142Z] Invalid country
{
  "line": "\"868\",\"631\",\"\",\"TR\",\"\",\"8918\",\"PORT SPAIN\",\"NOCLLIKNOWN\",\"\",\"ICO\",\"\",\"\",\"830\",\"\"",
  "country": ""
}

[2025-02-08T04:18:39.143Z] Invalid country
{
  "line": "\"868\",\"632\",\"\",\"TR\",\"\",\"8918\",\"DIEGOMRTIN\",\"NOCLLIKNOWN\",\"\",\"ICO\",\"\",\"\",\"830\",\"\"",
  "country": ""
}

[2025-02-08T04:18:39.143Z] Invalid country
{
  "line": "\"868\",\"633\",\"\",\"TR\",\"\",\"8918\",\"DIEGOMRTIN\",\"NOCLLIKNOWN\",\"\",\"ICO\",\"\",\"\",\"830\",\"\"",
  "country": ""
}

[2025-02-08T04:18:39.143Z] Invalid country
{
  "line": "\"868\",\"634\",\"\",\"TR\",\"\",\"8918\",\"DIEGOMRTIN\",\"NOCLLIKNOWN\",\"\",\"ICO\",\"\",\"\",\"830\",\"\"",
  "country": ""
}

[2025-02-08T04:18:39.143Z] Invalid country
{
  "line": "\"868\",\"635\",\"\",\"TR\",\"\",\"8918\",\"PORT SPAIN\",\"NOCLLIKNOWN\",\"\",\"ICO\",\"\",\"\",\"830\",\"\"",
  "country": ""
}

[2025-02-08T04:18:39.143Z] Invalid country
{
  "line": "\"868\",\"636\",\"\",\"TR\",\"\",\"8918\",\"COUVA\",\"NOCLLIKNOWN\",\"\",\"ICO\",\"\",\"\",\"830\",\"\"",
  "country": ""
}

[2025-02-08T04:18:39.143Z] Invalid country
{
  "line": "\"868\",\"637\",\"\",\"TR\",\"\",\"8918\",\"COUVA\",\"NOCLLIKNOWN\",\"\",\"ICO\",\"\",\"\",\"830\",\"\"",
  "country": ""
}

[2025-02-08T04:18:39.143Z] Invalid country
{
  "line": "\"868\",\"638\",\"\",\"TR\",\"\",\"8918\",\"SAN JUAN\",\"NOCLLIKNOWN\",\"\",\"ICO\",\"\",\"\",\"830\",\"\"",
  "country": ""
}

[2025-02-08T04:18:39.143Z] Invalid country
{
  "line": "\"868\",\"639\",\"\",\"TR\",\"\",\"8918\",\"SCARBOTBGO\",\"NOCLLIKNOWN\",\"\",\"ICO\",\"\",\"\",\"830\",\"\"",
  "country": ""
}

[2025-02-08T04:18:39.143Z] Invalid country
{
  "line": "\"868\",\"640\",\"\",\"TR\",\"\",\"8918\",\"TRINCITY\",\"NOCLLIKNOWN\",\"\",\"ICO\",\"\",\"\",\"830\",\"\"",
  "country": ""
}

[2025-02-08T04:18:39.143Z] Invalid country
{
  "line": "\"868\",\"642\",\"\",\"TR\",\"\",\"8918\",\"ARIMA\",\"NOCLLIKNOWN\",\"\",\"ICO\",\"\",\"\",\"830\",\"\"",
  "country": ""
}

[2025-02-08T04:18:39.143Z] Invalid country
{
  "line": "\"868\",\"643\",\"\",\"TR\",\"\",\"8918\",\"SANTA ROSA\",\"NOCLLIKNOWN\",\"\",\"ICO\",\"\",\"\",\"830\",\"\"",
  "country": ""
}

[2025-02-08T04:18:39.143Z] Invalid country
{
  "line": "\"868\",\"644\",\"\",\"TR\",\"\",\"8918\",\"SAN JUAN\",\"NOCLLIKNOWN\",\"\",\"ICO\",\"\",\"\",\"830\",\"\"",
  "country": ""
}

[2025-02-08T04:18:39.143Z] Invalid country
{
  "line": "\"868\",\"645\",\"\",\"TR\",\"\",\"8918\",\"STAUGUSTIN\",\"NOCLLIKNOWN\",\"\",\"ICO\",\"\",\"\",\"830\",\"\"",
  "country": ""
}

[2025-02-08T04:18:39.143Z] Invalid country
{
  "line": "\"868\",\"646\",\"\",\"TR\",\"\",\"8918\",\"MAUSICA\",\"NOCLLIKNOWN\",\"\",\"ICO\",\"\",\"\",\"830\",\"\"",
  "country": ""
}

[2025-02-08T04:18:39.143Z] Invalid country
{
  "line": "\"868\",\"647\",\"\",\"TR\",\"\",\"8918\",\"PENAL\",\"NOCLLIKNOWN\",\"\",\"ICO\",\"\",\"\",\"830\",\"\"",
  "country": ""
}

[2025-02-08T04:18:39.143Z] Invalid country
{
  "line": "\"868\",\"648\",\"\",\"TR\",\"\",\"8918\",\"PT FORTIN\",\"NOCLLIKNOWN\",\"\",\"ICO\",\"\",\"\",\"830\",\"\"",
  "country": ""
}

[2025-02-08T04:18:39.143Z] Invalid country
{
  "line": "\"868\",\"649\",\"\",\"TR\",\"\",\"8918\",\"SIPARIA\",\"NOCLLIKNOWN\",\"\",\"ICO\",\"\",\"\",\"830\",\"\"",
  "country": ""
}

[2025-02-08T04:18:39.143Z] Invalid country
{
  "line": "\"868\",\"650\",\"\",\"TR\",\"\",\"8918\",\"GASPARILLO\",\"NOCLLIKNOWN\",\"\",\"ICO\",\"\",\"\",\"830\",\"\"",
  "country": ""
}

[2025-02-08T04:18:39.144Z] Invalid country
{
  "line": "\"868\",\"651\",\"\",\"TR\",\"\",\"8918\",\"PORT SPAIN\",\"NOCLLIKNOWN\",\"\",\"ICO\",\"\",\"\",\"830\",\"\"",
  "country": ""
}

[2025-02-08T04:18:39.144Z] Invalid country
{
  "line": "\"868\",\"652\",\"\",\"TR\",\"\",\"8918\",\"SANFRNANDO\",\"NOCLLIKNOWN\",\"\",\"ICO\",\"\",\"\",\"830\",\"\"",
  "country": ""
}

[2025-02-08T04:18:39.144Z] Invalid country
{
  "line": "\"868\",\"653\",\"\",\"TR\",\"\",\"8918\",\"SANFRNANDO\",\"NOCLLIKNOWN\",\"\",\"ICO\",\"\",\"\",\"830\",\"\"",
  "country": ""
}

[2025-02-08T04:18:39.144Z] Invalid country
{
  "line": "\"868\",\"654\",\"\",\"TR\",\"\",\"8918\",\"BARACKPORE\",\"NOCLLIKNOWN\",\"\",\"ICO\",\"\",\"\",\"830\",\"\"",
  "country": ""
}

[2025-02-08T04:18:39.144Z] Invalid country
{
  "line": "\"868\",\"655\",\"\",\"TR\",\"\",\"8918\",\"PRINCESSTN\",\"NOCLLIKNOWN\",\"\",\"ICO\",\"\",\"\",\"830\",\"\"",
  "country": ""
}

[2025-02-08T04:18:39.144Z] Invalid country
{
  "line": "\"868\",\"656\",\"\",\"TR\",\"\",\"8918\",\"PRINCESSTN\",\"NOCLLIKNOWN\",\"\",\"ICO\",\"\",\"\",\"830\",\"\"",
  "country": ""
}

[2025-02-08T04:18:39.144Z] Invalid country
{
  "line": "\"868\",\"657\",\"\",\"TR\",\"\",\"8918\",\"CROSSCRSNG\",\"NOCLLIKNOWN\",\"\",\"ICO\",\"\",\"\",\"830\",\"\"",
  "country": ""
}

[2025-02-08T04:18:39.144Z] Invalid country
{
  "line": "\"868\",\"658\",\"\",\"TR\",\"\",\"8918\",\"CROSSCRSNG\",\"NOCLLIKNOWN\",\"\",\"ICO\",\"\",\"\",\"830\",\"\"",
  "country": ""
}

[2025-02-08T04:18:39.144Z] Invalid country
{
  "line": "\"868\",\"659\",\"\",\"TR\",\"\",\"8918\",\"CLAXTONBAY\",\"NOCLLIKNOWN\",\"\",\"ICO\",\"\",\"\",\"830\",\"\"",
  "country": ""
}

[2025-02-08T04:18:39.144Z] Invalid country
{
  "line": "\"868\",\"660\",\"\",\"TR\",\"\",\"8918\",\"ROCKSBOTBG\",\"NOCLLIKNOWN\",\"\",\"ICO\",\"\",\"\",\"830\",\"\"",
  "country": ""
}

[2025-02-08T04:18:39.144Z] Invalid country
{
  "line": "\"868\",\"662\",\"\",\"TR\",\"\",\"8918\",\"STAUGUSTIN\",\"NOCLLIKNOWN\",\"\",\"ICO\",\"\",\"\",\"830\",\"\"",
  "country": ""
}

[2025-02-08T04:18:39.144Z] Invalid country
{
  "line": "\"868\",\"663\",\"\",\"TR\",\"\",\"8918\",\"STAUGUSTIN\",\"NOCLLIKNOWN\",\"\",\"ICO\",\"\",\"\",\"830\",\"\"",
  "country": ""
}

[2025-02-08T04:18:39.144Z] Invalid country
{
  "line": "\"868\",\"664\",\"\",\"TR\",\"\",\"8918\",\"PIARCO\",\"NOCLLIKNOWN\",\"\",\"ICO\",\"\",\"\",\"830\",\"\"",
  "country": ""
}

[2025-02-08T04:18:39.144Z] Invalid country
{
  "line": "\"868\",\"665\",\"\",\"TR\",\"\",\"8918\",\"CHAGUANAS\",\"NOCLLIKNOWN\",\"\",\"ICO\",\"\",\"\",\"830\",\"\"",
  "country": ""
}

[2025-02-08T04:18:39.144Z] Invalid country
{
  "line": "\"868\",\"667\",\"\",\"TR\",\"\",\"8918\",\"ARIMA\",\"NOCLLIKNOWN\",\"\",\"ICO\",\"\",\"\",\"830\",\"\"",
  "country": ""
}

[2025-02-08T04:18:39.144Z] Invalid country
{
  "line": "\"868\",\"668\",\"\",\"TR\",\"\",\"8918\",\"TOCO\",\"NOCLLIKNOWN\",\"\",\"ICO\",\"\",\"\",\"830\",\"\"",
  "country": ""
}

[2025-02-08T04:18:39.144Z] Invalid country
{
  "line": "\"868\",\"669\",\"\",\"TR\",\"\",\"8918\",\"PIARCO\",\"NOCLLIKNOWN\",\"\",\"ICO\",\"\",\"\",\"830\",\"\"",
  "country": ""
}

[2025-02-08T04:18:39.144Z] Invalid country
{
  "line": "\"868\",\"670\",\"\",\"TR\",\"\",\"8918\",\"PORT SPAIN\",\"NOCLLIKNOWN\",\"\",\"ICO\",\"\",\"\",\"830\",\"\"",
  "country": ""
}

[2025-02-08T04:18:39.144Z] Invalid country
{
  "line": "\"868\",\"671\",\"\",\"TR\",\"\",\"8918\",\"CHAGUANAS\",\"NOCLLIKNOWN\",\"\",\"ICO\",\"\",\"\",\"830\",\"\"",
  "country": ""
}

[2025-02-08T04:18:39.144Z] Invalid country
{
  "line": "\"868\",\"672\",\"\",\"TR\",\"\",\"8918\",\"CHAGUANAS\",\"NOCLLIKNOWN\",\"\",\"ICO\",\"\",\"\",\"830\",\"\"",
  "country": ""
}

[2025-02-08T04:18:39.144Z] Invalid country
{
  "line": "\"868\",\"673\",\"\",\"TR\",\"\",\"8918\",\"FREEPORT\",\"NOCLLIKNOWN\",\"\",\"ICO\",\"\",\"\",\"830\",\"\"",
  "country": ""
}

[2025-02-08T04:18:39.144Z] Invalid country
{
  "line": "\"868\",\"674\",\"\",\"TR\",\"\",\"8918\",\"SAN JUAN\",\"NOCLLIKNOWN\",\"\",\"ICO\",\"\",\"\",\"830\",\"\"",
  "country": ""
}

[2025-02-08T04:18:39.144Z] Invalid country
{
  "line": "\"868\",\"675\",\"\",\"TR\",\"\",\"8918\",\"SAN JUAN\",\"NOCLLIKNOWN\",\"\",\"ICO\",\"\",\"\",\"830\",\"\"",
  "country": ""
}

[2025-02-08T04:18:39.144Z] Invalid country
{
  "line": "\"868\",\"676\",\"\",\"TR\",\"\",\"8918\",\"SAN JUAN\",\"NOCLLIKNOWN\",\"\",\"ICO\",\"\",\"\",\"830\",\"\"",
  "country": ""
}

[2025-02-08T04:18:39.144Z] Invalid country
{
  "line": "\"868\",\"677\",\"\",\"TR\",\"\",\"8918\",\"FRYZABAD\",\"NOCLLIKNOWN\",\"\",\"ICO\",\"\",\"\",\"830\",\"\"",
  "country": ""
}

[2025-02-08T04:18:39.144Z] Invalid country
{
  "line": "\"868\",\"678\",\"\",\"TR\",\"\",\"8918\",\"COUVA\",\"NOCLLIKNOWN\",\"\",\"ICO\",\"\",\"\",\"830\",\"\"",
  "country": ""
}

[2025-02-08T04:18:39.144Z] Invalid country
{
  "line": "\"868\",\"679\",\"\",\"TR\",\"\",\"8918\",\"COUVA\",\"NOCLLIKNOWN\",\"\",\"ICO\",\"\",\"\",\"830\",\"\"",
  "country": ""
}

[2025-02-08T04:18:39.144Z] Invalid country
{
  "line": "\"868\",\"680\",\"\",\"TR\",\"\",\"8918\",\"PORT SPAIN\",\"NOCLLIKNOWN\",\"\",\"ICO\",\"\",\"\",\"830\",\"\"",
  "country": ""
}

[2025-02-08T04:18:39.144Z] Invalid country
{
  "line": "\"868\",\"681\",\"\",\"TR\",\"\",\"8918\",\"PORT SPAIN\",\"NOCLLIKNOWN\",\"\",\"ICO\",\"\",\"\",\"830\",\"\"",
  "country": ""
}

[2025-02-08T04:18:39.144Z] Invalid country
{
  "line": "\"868\",\"682\",\"\",\"TR\",\"\",\"8918\",\"PORT SPAIN\",\"NOCLLIKNOWN\",\"\",\"ICO\",\"\",\"\",\"830\",\"\"",
  "country": ""
}

[2025-02-08T04:18:39.144Z] Invalid country
{
  "line": "\"868\",\"683\",\"\",\"TR\",\"\",\"8918\",\"PORT SPAIN\",\"NOCLLIKNOWN\",\"\",\"ICO\",\"\",\"\",\"830\",\"\"",
  "country": ""
}

[2025-02-08T04:18:39.144Z] Invalid country
{
  "line": "\"868\",\"684\",\"\",\"TR\",\"\",\"8918\",\"PORT SPAIN\",\"NOCLLIKNOWN\",\"\",\"ICO\",\"\",\"\",\"830\",\"\"",
  "country": ""
}

[2025-02-08T04:18:39.144Z] Invalid country
{
  "line": "\"868\",\"685\",\"\",\"TR\",\"\",\"8918\",\"PORT SPAIN\",\"NOCLLIKNOWN\",\"\",\"ICO\",\"\",\"\",\"830\",\"\"",
  "country": ""
}

[2025-02-08T04:18:39.145Z] Invalid country
{
  "line": "\"868\",\"686\",\"\",\"TR\",\"\",\"8918\",\"PORT SPAIN\",\"NOCLLIKNOWN\",\"\",\"ICO\",\"\",\"\",\"830\",\"\"",
  "country": ""
}

[2025-02-08T04:18:39.145Z] Invalid country
{
  "line": "\"868\",\"687\",\"\",\"TR\",\"\",\"8918\",\"PORT SPAIN\",\"NOCLLIKNOWN\",\"\",\"ICO\",\"\",\"\",\"830\",\"\"",
  "country": ""
}

[2025-02-08T04:18:39.145Z] Invalid country
{
  "line": "\"868\",\"688\",\"\",\"TR\",\"\",\"8918\",\"PORT SPAIN\",\"NOCLLIKNOWN\",\"\",\"ICO\",\"\",\"\",\"830\",\"\"",
  "country": ""
}

[2025-02-08T04:18:39.145Z] Invalid country
{
  "line": "\"868\",\"689\",\"\",\"TR\",\"\",\"8918\",\"PORT SPAIN\",\"NOCLLIKNOWN\",\"\",\"ICO\",\"\",\"\",\"830\",\"\"",
  "country": ""
}

[2025-02-08T04:18:39.145Z] Invalid country
{
  "line": "\"868\",\"690\",\"\",\"TR\",\"\",\"8918\",\"PORT SPAIN\",\"NOCLLIKNOWN\",\"\",\"ICO\",\"\",\"\",\"830\",\"\"",
  "country": ""
}

[2025-02-08T04:18:39.145Z] Invalid country
{
  "line": "\"868\",\"691\",\"\",\"TR\",\"\",\"8918\",\"PORT SPAIN\",\"NOCLLIKNOWN\",\"\",\"ICO\",\"\",\"\",\"830\",\"\"",
  "country": ""
}

[2025-02-08T04:18:39.145Z] Invalid country
{
  "line": "\"868\",\"692\",\"\",\"TR\",\"\",\"8918\",\"PORT SPAIN\",\"NOCLLIKNOWN\",\"\",\"ICO\",\"\",\"\",\"830\",\"\"",
  "country": ""
}

[2025-02-08T04:18:39.145Z] Invalid country
{
  "line": "\"868\",\"693\",\"\",\"TR\",\"\",\"8918\",\"PORT SPAIN\",\"NOCLLIKNOWN\",\"\",\"ICO\",\"\",\"\",\"830\",\"\"",
  "country": ""
}

[2025-02-08T04:18:39.145Z] Invalid country
{
  "line": "\"868\",\"694\",\"\",\"TR\",\"\",\"8918\",\"PORT SPAIN\",\"NOCLLIKNOWN\",\"\",\"ICO\",\"\",\"\",\"830\",\"\"",
  "country": ""
}

[2025-02-08T04:18:39.145Z] Invalid country
{
  "line": "\"868\",\"695\",\"\",\"TR\",\"\",\"8918\",\"PORT SPAIN\",\"NOCLLIKNOWN\",\"\",\"ICO\",\"\",\"\",\"830\",\"\"",
  "country": ""
}

[2025-02-08T04:18:39.145Z] Invalid country
{
  "line": "\"868\",\"696\",\"\",\"TR\",\"\",\"8918\",\"PORT SPAIN\",\"NOCLLIKNOWN\",\"\",\"ICO\",\"\",\"\",\"830\",\"\"",
  "country": ""
}

[2025-02-08T04:18:39.145Z] Invalid country
{
  "line": "\"868\",\"697\",\"\",\"TR\",\"\",\"8918\",\"PORT SPAIN\",\"NOCLLIKNOWN\",\"\",\"ICO\",\"\",\"\",\"830\",\"\"",
  "country": ""
}

[2025-02-08T04:18:39.145Z] Invalid country
{
  "line": "\"868\",\"698\",\"\",\"TR\",\"\",\"8918\",\"PORT SPAIN\",\"NOCLLIKNOWN\",\"\",\"ICO\",\"\",\"\",\"830\",\"\"",
  "country": ""
}

[2025-02-08T04:18:39.145Z] Invalid country
{
  "line": "\"868\",\"750\",\"\",\"TR\",\"\",\"8918\",\"PORT SPAIN\",\"NOCLLIKNOWN\",\"\",\"ICO\",\"\",\"\",\"830\",\"\"",
  "country": ""
}

[2025-02-08T04:18:39.145Z] Invalid country
{
  "line": "\"868\",\"751\",\"\",\"TR\",\"\",\"8918\",\"PORT SPAIN\",\"NOCLLIKNOWN\",\"\",\"ICO\",\"\",\"\",\"830\",\"\"",
  "country": ""
}

[2025-02-08T04:18:39.145Z] Invalid country
{
  "line": "\"868\",\"752\",\"\",\"TR\",\"\",\"8918\",\"PORT SPAIN\",\"NOCLLIKNOWN\",\"\",\"ICO\",\"\",\"\",\"830\",\"\"",
  "country": ""
}

[2025-02-08T04:18:39.145Z] Invalid country
{
  "line": "\"868\",\"753\",\"\",\"TR\",\"\",\"8918\",\"PORT SPAIN\",\"NOCLLIKNOWN\",\"\",\"ICO\",\"\",\"\",\"830\",\"\"",
  "country": ""
}

[2025-02-08T04:18:39.145Z] Invalid country
{
  "line": "\"868\",\"754\",\"\",\"TR\",\"\",\"8918\",\"PORT SPAIN\",\"NOCLLIKNOWN\",\"\",\"ICO\",\"\",\"\",\"830\",\"\"",
  "country": ""
}

[2025-02-08T04:18:39.145Z] Invalid country
{
  "line": "\"868\",\"755\",\"\",\"TR\",\"\",\"8918\",\"PORT SPAIN\",\"NOCLLIKNOWN\",\"\",\"ICO\",\"\",\"\",\"830\",\"\"",
  "country": ""
}

[2025-02-08T04:18:39.145Z] Invalid country
{
  "line": "\"868\",\"756\",\"\",\"TR\",\"\",\"8918\",\"PORT SPAIN\",\"NOCLLIKNOWN\",\"\",\"ICO\",\"\",\"\",\"830\",\"\"",
  "country": ""
}

[2025-02-08T04:18:39.145Z] Invalid country
{
  "line": "\"868\",\"757\",\"\",\"TR\",\"\",\"8918\",\"PORT SPAIN\",\"NOCLLIKNOWN\",\"\",\"ICO\",\"\",\"\",\"830\",\"\"",
  "country": ""
}

[2025-02-08T04:18:39.145Z] Invalid country
{
  "line": "\"868\",\"758\",\"\",\"TR\",\"\",\"8918\",\"PORT SPAIN\",\"NOCLLIKNOWN\",\"\",\"ICO\",\"\",\"\",\"830\",\"\"",
  "country": ""
}

[2025-02-08T04:18:39.145Z] Invalid country
{
  "line": "\"868\",\"759\",\"\",\"TR\",\"\",\"8918\",\"PORT SPAIN\",\"NOCLLIKNOWN\",\"\",\"ICO\",\"\",\"\",\"830\",\"\"",
  "country": ""
}

[2025-02-08T04:18:39.145Z] Invalid country
{
  "line": "\"868\",\"760\",\"\",\"TR\",\"\",\"8918\",\"PORT SPAIN\",\"NOCLLIKNOWN\",\"\",\"ICO\",\"\",\"\",\"830\",\"\"",
  "country": ""
}

[2025-02-08T04:18:39.145Z] Invalid country
{
  "line": "\"868\",\"761\",\"\",\"TR\",\"\",\"8918\",\"PORT SPAIN\",\"NOCLLIKNOWN\",\"\",\"ICO\",\"\",\"\",\"830\",\"\"",
  "country": ""
}

[2025-02-08T04:18:39.145Z] Invalid country
{
  "line": "\"868\",\"762\",\"\",\"TR\",\"\",\"8918\",\"PORT SPAIN\",\"NOCLLIKNOWN\",\"\",\"ICO\",\"\",\"\",\"830\",\"\"",
  "country": ""
}

[2025-02-08T04:18:39.145Z] Invalid country
{
  "line": "\"868\",\"763\",\"\",\"TR\",\"\",\"8918\",\"PORT SPAIN\",\"NOCLLIKNOWN\",\"\",\"ICO\",\"\",\"\",\"830\",\"\"",
  "country": ""
}

[2025-02-08T04:18:39.145Z] Invalid country
{
  "line": "\"868\",\"764\",\"\",\"TR\",\"\",\"8918\",\"PORT SPAIN\",\"NOCLLIKNOWN\",\"\",\"ICO\",\"\",\"\",\"830\",\"\"",
  "country": ""
}

[2025-02-08T04:18:39.145Z] Invalid country
{
  "line": "\"868\",\"765\",\"\",\"TR\",\"\",\"8918\",\"PORT SPAIN\",\"NOCLLIKNOWN\",\"\",\"ICO\",\"\",\"\",\"830\",\"\"",
  "country": ""
}

[2025-02-08T04:18:39.145Z] Invalid country
{
  "line": "\"868\",\"766\",\"\",\"TR\",\"\",\"8918\",\"PORT SPAIN\",\"NOCLLIKNOWN\",\"\",\"ICO\",\"\",\"\",\"830\",\"\"",
  "country": ""
}

[2025-02-08T04:18:39.145Z] Invalid country
{
  "line": "\"868\",\"767\",\"\",\"TR\",\"\",\"8918\",\"PORT SPAIN\",\"NOCLLIKNOWN\",\"\",\"ICO\",\"\",\"\",\"830\",\"\"",
  "country": ""
}

[2025-02-08T04:18:39.145Z] Invalid country
{
  "line": "\"868\",\"768\",\"\",\"TR\",\"\",\"8918\",\"PORT SPAIN\",\"NOCLLIKNOWN\",\"\",\"ICO\",\"\",\"\",\"830\",\"\"",
  "country": ""
}

[2025-02-08T04:18:39.145Z] Invalid country
{
  "line": "\"868\",\"769\",\"\",\"TR\",\"\",\"8918\",\"PORT SPAIN\",\"NOCLLIKNOWN\",\"\",\"ICO\",\"\",\"\",\"830\",\"\"",
  "country": ""
}

[2025-02-08T04:18:39.145Z] Invalid country
{
  "line": "\"868\",\"770\",\"\",\"TR\",\"\",\"8918\",\"PORT SPAIN\",\"NOCLLIKNOWN\",\"\",\"ICO\",\"\",\"\",\"830\",\"\"",
  "country": ""
}

[2025-02-08T04:18:39.145Z] Invalid country
{
  "line": "\"868\",\"771\",\"\",\"TR\",\"\",\"8918\",\"PORT SPAIN\",\"NOCLLIKNOWN\",\"\",\"ICO\",\"\",\"\",\"830\",\"\"",
  "country": ""
}

[2025-02-08T04:18:39.145Z] Invalid country
{
  "line": "\"868\",\"772\",\"\",\"TR\",\"\",\"8918\",\"PORT SPAIN\",\"NOCLLIKNOWN\",\"\",\"ICO\",\"\",\"\",\"830\",\"\"",
  "country": ""
}

[2025-02-08T04:18:39.145Z] Invalid country
{
  "line": "\"868\",\"773\",\"\",\"TR\",\"\",\"8918\",\"PORT SPAIN\",\"NOCLLIKNOWN\",\"\",\"ICO\",\"\",\"\",\"830\",\"\"",
  "country": ""
}

[2025-02-08T04:18:39.145Z] Invalid country
{
  "line": "\"868\",\"774\",\"\",\"TR\",\"\",\"8918\",\"PORT SPAIN\",\"NOCLLIKNOWN\",\"\",\"ICO\",\"\",\"\",\"830\",\"\"",
  "country": ""
}

[2025-02-08T04:18:39.145Z] Invalid country
{
  "line": "\"868\",\"775\",\"\",\"TR\",\"\",\"8918\",\"PORT SPAIN\",\"NOCLLIKNOWN\",\"\",\"ICO\",\"\",\"\",\"830\",\"\"",
  "country": ""
}

[2025-02-08T04:18:39.145Z] Invalid country
{
  "line": "\"868\",\"776\",\"\",\"TR\",\"\",\"8918\",\"PORT SPAIN\",\"NOCLLIKNOWN\",\"\",\"ICO\",\"\",\"\",\"830\",\"\"",
  "country": ""
}

[2025-02-08T04:18:39.145Z] Invalid country
{
  "line": "\"868\",\"777\",\"\",\"TR\",\"\",\"8918\",\"PORT SPAIN\",\"NOCLLIKNOWN\",\"\",\"ICO\",\"\",\"\",\"830\",\"\"",
  "country": ""
}

[2025-02-08T04:18:39.145Z] Invalid country
{
  "line": "\"868\",\"778\",\"\",\"TR\",\"\",\"8918\",\"PORT SPAIN\",\"NOCLLIKNOWN\",\"\",\"ICO\",\"\",\"\",\"830\",\"\"",
  "country": ""
}

[2025-02-08T04:18:39.145Z] Invalid country
{
  "line": "\"868\",\"779\",\"\",\"TR\",\"\",\"8918\",\"PORT SPAIN\",\"NOCLLIKNOWN\",\"\",\"ICO\",\"\",\"\",\"830\",\"\"",
  "country": ""
}

[2025-02-08T04:18:39.145Z] Invalid country
{
  "line": "\"868\",\"780\",\"\",\"TR\",\"\",\"8918\",\"PORT SPAIN\",\"NOCLLIKNOWN\",\"\",\"ICO\",\"\",\"\",\"830\",\"\"",
  "country": ""
}

[2025-02-08T04:18:39.145Z] Invalid country
{
  "line": "\"868\",\"781\",\"\",\"TR\",\"\",\"8918\",\"PORT SPAIN\",\"NOCLLIKNOWN\",\"\",\"ICO\",\"\",\"\",\"830\",\"\"",
  "country": ""
}

[2025-02-08T04:18:39.145Z] Invalid country
{
  "line": "\"868\",\"782\",\"\",\"TR\",\"\",\"8918\",\"PORT SPAIN\",\"NOCLLIKNOWN\",\"\",\"ICO\",\"\",\"\",\"830\",\"\"",
  "country": ""
}

[2025-02-08T04:18:39.145Z] Invalid country
{
  "line": "\"868\",\"783\",\"\",\"TR\",\"\",\"8918\",\"PORT SPAIN\",\"NOCLLIKNOWN\",\"\",\"ICO\",\"\",\"\",\"830\",\"\"",
  "country": ""
}

[2025-02-08T04:18:39.145Z] Invalid country
{
  "line": "\"868\",\"784\",\"\",\"TR\",\"\",\"8918\",\"PORT SPAIN\",\"NOCLLIKNOWN\",\"\",\"ICO\",\"\",\"\",\"830\",\"\"",
  "country": ""
}

[2025-02-08T04:18:39.145Z] Invalid country
{
  "line": "\"868\",\"785\",\"\",\"TR\",\"\",\"8918\",\"PORT SPAIN\",\"NOCLLIKNOWN\",\"\",\"ICO\",\"\",\"\",\"830\",\"\"",
  "country": ""
}

[2025-02-08T04:18:39.145Z] Invalid country
{
  "line": "\"868\",\"786\",\"\",\"TR\",\"\",\"8918\",\"PORT SPAIN\",\"NOCLLIKNOWN\",\"\",\"ICO\",\"\",\"\",\"830\",\"\"",
  "country": ""
}

[2025-02-08T04:18:39.145Z] Invalid country
{
  "line": "\"868\",\"787\",\"\",\"TR\",\"\",\"8918\",\"PORT SPAIN\",\"NOCLLIKNOWN\",\"\",\"ICO\",\"\",\"\",\"830\",\"\"",
  "country": ""
}

[2025-02-08T04:18:39.146Z] Invalid country
{
  "line": "\"868\",\"788\",\"\",\"TR\",\"\",\"8918\",\"PORT SPAIN\",\"NOCLLIKNOWN\",\"\",\"ICO\",\"\",\"\",\"830\",\"\"",
  "country": ""
}

[2025-02-08T04:18:39.146Z] Invalid country
{
  "line": "\"868\",\"789\",\"\",\"TR\",\"\",\"8918\",\"PORT SPAIN\",\"NOCLLIKNOWN\",\"\",\"ICO\",\"\",\"\",\"830\",\"\"",
  "country": ""
}

[2025-02-08T04:18:39.146Z] Invalid country
{
  "line": "\"868\",\"790\",\"\",\"TR\",\"\",\"8918\",\"PORT SPAIN\",\"NOCLLIKNOWN\",\"\",\"ICO\",\"\",\"\",\"830\",\"\"",
  "country": ""
}

[2025-02-08T04:18:39.146Z] Invalid country
{
  "line": "\"868\",\"791\",\"\",\"TR\",\"\",\"8918\",\"PORT SPAIN\",\"NOCLLIKNOWN\",\"\",\"ICO\",\"\",\"\",\"830\",\"\"",
  "country": ""
}

[2025-02-08T04:18:39.146Z] Invalid country
{
  "line": "\"868\",\"792\",\"\",\"TR\",\"\",\"8918\",\"PORT SPAIN\",\"NOCLLIKNOWN\",\"\",\"ICO\",\"\",\"\",\"830\",\"\"",
  "country": ""
}

[2025-02-08T04:18:39.146Z] Invalid country
{
  "line": "\"868\",\"793\",\"\",\"TR\",\"\",\"8918\",\"PORT SPAIN\",\"NOCLLIKNOWN\",\"\",\"ICO\",\"\",\"\",\"830\",\"\"",
  "country": ""
}

[2025-02-08T04:18:39.146Z] Invalid country
{
  "line": "\"868\",\"794\",\"\",\"TR\",\"\",\"8918\",\"PORT SPAIN\",\"NOCLLIKNOWN\",\"\",\"ICO\",\"\",\"\",\"830\",\"\"",
  "country": ""
}

[2025-02-08T04:18:39.146Z] Invalid country
{
  "line": "\"868\",\"795\",\"\",\"TR\",\"\",\"8918\",\"PORT SPAIN\",\"NOCLLIKNOWN\",\"\",\"ICO\",\"\",\"\",\"830\",\"\"",
  "country": ""
}

[2025-02-08T04:18:39.146Z] Invalid country
{
  "line": "\"868\",\"796\",\"\",\"TR\",\"\",\"8918\",\"PORT SPAIN\",\"NOCLLIKNOWN\",\"\",\"ICO\",\"\",\"\",\"830\",\"\"",
  "country": ""
}

[2025-02-08T04:18:39.146Z] Invalid country
{
  "line": "\"868\",\"797\",\"\",\"TR\",\"\",\"8918\",\"PORT SPAIN\",\"NOCLLIKNOWN\",\"\",\"ICO\",\"\",\"\",\"830\",\"\"",
  "country": ""
}

[2025-02-08T04:18:39.146Z] Invalid country
{
  "line": "\"868\",\"798\",\"\",\"TR\",\"\",\"8918\",\"PORT SPAIN\",\"NOCLLIKNOWN\",\"\",\"ICO\",\"\",\"\",\"830\",\"\"",
  "country": ""
}

[2025-02-08T04:18:39.146Z] Invalid country
{
  "line": "\"868\",\"799\",\"\",\"TR\",\"\",\"8918\",\"PORT SPAIN\",\"NOCLLIKNOWN\",\"\",\"ICO\",\"\",\"\",\"830\",\"\"",
  "country": ""
}

[2025-02-08T04:18:39.146Z] Invalid country
{
  "line": "\"868\",\"820\",\"\",\"TR\",\"\",\"8918\",\"PORT SPAIN\",\"NOCLLIKNOWN\",\"\",\"ICO\",\"\",\"\",\"830\",\"\"",
  "country": ""
}

[2025-02-08T04:18:39.146Z] Invalid country
{
  "line": "\"868\",\"821\",\"\",\"TR\",\"\",\"8918\",\"PORT SPAIN\",\"NOCLLIKNOWN\",\"\",\"ICO\",\"\",\"\",\"830\",\"\"",
  "country": ""
}

[2025-02-08T04:18:39.146Z] Invalid country
{
  "line": "\"868\",\"822\",\"\",\"TR\",\"\",\"8918\",\"PORT SPAIN\",\"NOCLLIKNOWN\",\"\",\"ICO\",\"\",\"\",\"830\",\"\"",
  "country": ""
}

[2025-02-08T04:18:39.146Z] Invalid country
{
  "line": "\"868\",\"823\",\"\",\"TR\",\"\",\"8918\",\"PORT SPAIN\",\"NOCLLIKNOWN\",\"\",\"ICO\",\"\",\"\",\"830\",\"\"",
  "country": ""
}

[2025-02-08T04:18:39.146Z] Invalid country
{
  "line": "\"868\",\"824\",\"\",\"TR\",\"\",\"8918\",\"PORT SPAIN\",\"NOCLLIKNOWN\",\"\",\"ICO\",\"\",\"\",\"830\",\"\"",
  "country": ""
}

[2025-02-08T04:18:39.146Z] Invalid country
{
  "line": "\"868\",\"825\",\"\",\"TR\",\"\",\"8918\",\"PORT SPAIN\",\"NOCLLIKNOWN\",\"\",\"ICO\",\"\",\"\",\"830\",\"\"",
  "country": ""
}

[2025-02-08T04:18:39.146Z] Invalid country
{
  "line": "\"868\",\"826\",\"\",\"TR\",\"\",\"8918\",\"PORT SPAIN\",\"NOCLLIKNOWN\",\"\",\"ICO\",\"\",\"\",\"830\",\"\"",
  "country": ""
}

[2025-02-08T04:18:39.146Z] Invalid country
{
  "line": "\"868\",\"827\",\"\",\"TR\",\"\",\"8918\",\"PORT SPAIN\",\"NOCLLIKNOWN\",\"\",\"ICO\",\"\",\"\",\"830\",\"\"",
  "country": ""
}

[2025-02-08T04:18:39.146Z] Invalid country
{
  "line": "\"868\",\"828\",\"\",\"TR\",\"\",\"8918\",\"PORT SPAIN\",\"NOCLLIKNOWN\",\"\",\"ICO\",\"\",\"\",\"830\",\"\"",
  "country": ""
}

[2025-02-08T04:18:39.146Z] Invalid country
{
  "line": "\"868\",\"829\",\"\",\"TR\",\"\",\"8918\",\"PORT SPAIN\",\"NOCLLIKNOWN\",\"\",\"ICO\",\"\",\"\",\"830\",\"\"",
  "country": ""
}

[2025-02-08T04:18:39.146Z] Invalid country
{
  "line": "\"868\",\"830\",\"\",\"TR\",\"\",\"8918\",\"PORT SPAIN\",\"NOCLLIKNOWN\",\"\",\"ICO\",\"\",\"\",\"830\",\"\"",
  "country": ""
}

[2025-02-08T04:18:39.146Z] Invalid country
{
  "line": "\"868\",\"831\",\"\",\"TR\",\"\",\"8918\",\"PORT SPAIN\",\"NOCLLIKNOWN\",\"\",\"ICO\",\"\",\"\",\"830\",\"\"",
  "country": ""
}

[2025-02-08T04:18:39.146Z] Invalid country
{
  "line": "\"868\",\"832\",\"\",\"TR\",\"\",\"8918\",\"PORT SPAIN\",\"NOCLLIKNOWN\",\"\",\"ICO\",\"\",\"\",\"830\",\"\"",
  "country": ""
}

[2025-02-08T04:18:39.146Z] Invalid country
{
  "line": "\"868\",\"833\",\"\",\"TR\",\"\",\"8918\",\"PORT SPAIN\",\"NOCLLIKNOWN\",\"\",\"ICO\",\"\",\"\",\"830\",\"\"",
  "country": ""
}

[2025-02-08T04:18:39.146Z] Invalid country
{
  "line": "\"869\",\"465\",\"\",\"KA\",\"\",\"8914\",\"BASSETERRE\",\"NOCLLIKNOWN\",\"\",\"ICO\",\"\",\"\",\"830\",\"\"",
  "country": ""
}

[2025-02-08T04:18:39.146Z] Invalid country
{
  "line": "\"869\",\"466\",\"\",\"KA\",\"\",\"8914\",\"BASSETERRE\",\"NOCLLIKNOWN\",\"\",\"ICO\",\"\",\"\",\"830\",\"\"",
  "country": ""
}

[2025-02-08T04:18:39.146Z] Invalid country
{
  "line": "\"869\",\"467\",\"\",\"KA\",\"\",\"8914\",\"BASSETERRE\",\"NOCLLIKNOWN\",\"\",\"ICO\",\"\",\"\",\"830\",\"\"",
  "country": ""
}

[2025-02-08T04:18:39.146Z] Invalid country
{
  "line": "\"869\",\"468\",\"\",\"KA\",\"\",\"8914\",\"BASSETERRE\",\"NOCLLIKNOWN\",\"\",\"ICO\",\"\",\"\",\"830\",\"\"",
  "country": ""
}

[2025-02-08T04:18:39.146Z] Invalid country
{
  "line": "\"869\",\"469\",\"\",\"KA\",\"\",\"8913\",\"NEW CASTLE\",\"NOCLLIKNOWN\",\"\",\"ICO\",\"\",\"\",\"830\",\"\"",
  "country": ""
}

[2025-02-08T04:18:39.146Z] Invalid country
{
  "line": "\"869\",\"555\",\"\",\"KA\",\"MULTIPLE OCN LISTING\",\"MULT\",\"DIR ASST\",\"NOCLLIKNOWN\",\"\",\"UNKNOWN\",\"\",\"\",\"99999\",\"\"",
  "country": ""
}

[2025-02-08T04:18:39.146Z] Invalid country
{
  "line": "\"869\",\"662\",\"\",\"KA\",\"\",\"8914\",\"BASSETERRE\",\"NOCLLIKNOWN\",\"\",\"ICO\",\"\",\"\",\"830\",\"\"",
  "country": ""
}

[2025-02-08T18:37:39.627Z] Invalid country
{
  "line": "\"758\",\"234\",\"\",\"SA\",\"\",\"8915\",\"CAP ESTATE\",\"NOCLLIKNOWN\",\"\",\"ICO\",\"\",\"\",\"830\",\"\"",
  "country": ""
}

[2025-02-08T18:37:39.628Z] Invalid country
{
  "line": "\"758\",\"246\",\"\",\"SA\",\"\",\"8915\",\"CAP ESTATE\",\"NOCLLIKNOWN\",\"\",\"ICO\",\"\",\"\",\"830\",\"\"",
  "country": ""
}

[2025-02-08T18:37:39.628Z] Invalid country
{
  "line": "\"758\",\"258\",\"\",\"SA\",\"\",\"8915\",\"CAP ESTATE\",\"NOCLLIKNOWN\",\"\",\"ICO\",\"\",\"\",\"830\",\"\"",
  "country": ""
}

[2025-02-08T18:37:39.628Z] Invalid country
{
  "line": "\"758\",\"268\",\"\",\"SA\",\"\",\"8915\",\"CAP ESTATE\",\"NOCLLIKNOWN\",\"\",\"ICO\",\"\",\"\",\"830\",\"\"",
  "country": ""
}

[2025-02-08T18:37:39.628Z] Invalid country
{
  "line": "\"758\",\"450\",\"\",\"SA\",\"\",\"8915\",\"CAP ESTATE\",\"NOCLLIKNOWN\",\"\",\"ICO\",\"\",\"\",\"830\",\"\"",
  "country": ""
}

[2025-02-08T18:37:39.628Z] Invalid country
{
  "line": "\"758\",\"451\",\"\",\"SA\",\"\",\"8915\",\"BABONNEAU\",\"NOCLLIKNOWN\",\"\",\"ICO\",\"\",\"\",\"830\",\"\"",
  "country": ""
}

[2025-02-08T18:37:39.628Z] Invalid country
{
  "line": "\"758\",\"452\",\"\",\"SA\",\"\",\"8915\",\"CASTRIES\",\"NOCLLIKNOWN\",\"\",\"ICO\",\"\",\"\",\"830\",\"\"",
  "country": ""
}

[2025-02-08T18:37:39.628Z] Invalid country
{
  "line": "\"758\",\"453\",\"\",\"SA\",\"\",\"8915\",\"CASTRIES\",\"NOCLLIKNOWN\",\"\",\"ICO\",\"\",\"\",\"830\",\"\"",
  "country": ""
}

[2025-02-08T18:37:39.628Z] Invalid country
{
  "line": "\"758\",\"454\",\"\",\"SA\",\"\",\"8915\",\"CASTRIES\",\"NOCLLIKNOWN\",\"\",\"ICO\",\"\",\"\",\"830\",\"\"",
  "country": ""
}

[2025-02-08T18:37:39.629Z] Invalid country
{
  "line": "\"758\",\"455\",\"\",\"SA\",\"\",\"8915\",\"VIEUX FORT\",\"NOCLLIKNOWN\",\"\",\"ICO\",\"\",\"\",\"830\",\"\"",
  "country": ""
}

[2025-02-08T18:37:39.629Z] Invalid country
{
  "line": "\"758\",\"456\",\"\",\"SA\",\"\",\"8915\",\"CASTRIES\",\"NOCLLIKNOWN\",\"\",\"ICO\",\"\",\"\",\"830\",\"\"",
  "country": ""
}

[2025-02-08T18:37:39.629Z] Invalid country
{
  "line": "\"758\",\"457\",\"\",\"SA\",\"\",\"8915\",\"CASTRIES\",\"NOCLLIKNOWN\",\"\",\"ICO\",\"\",\"\",\"830\",\"\"",
  "country": ""
}

[2025-02-08T18:37:39.629Z] Invalid country
{
  "line": "\"758\",\"458\",\"\",\"SA\",\"\",\"8915\",\"CASTRIES\",\"NOCLLIKNOWN\",\"\",\"ICO\",\"\",\"\",\"830\",\"\"",
  "country": ""
}

[2025-02-08T18:37:39.629Z] Invalid country
{
  "line": "\"758\",\"459\",\"\",\"SA\",\"\",\"8915\",\"SOUFRIERE\",\"NOCLLIKNOWN\",\"\",\"ICO\",\"\",\"\",\"830\",\"\"",
  "country": ""
}

[2025-02-08T18:37:39.629Z] Invalid country
{
  "line": "\"758\",\"468\",\"\",\"SA\",\"\",\"8915\",\"CAP ESTATE\",\"NOCLLIKNOWN\",\"\",\"ICO\",\"\",\"\",\"830\",\"\"",
  "country": ""
}

[2025-02-08T18:37:39.629Z] Invalid country
{
  "line": "\"758\",\"480\",\"\",\"SA\",\"\",\"8915\",\"CAP ESTATE\",\"NOCLLIKNOWN\",\"\",\"ICO\",\"\",\"\",\"830\",\"\"",
  "country": ""
}

[2025-02-08T18:37:39.629Z] Invalid country
{
  "line": "\"758\",\"481\",\"\",\"SA\",\"\",\"8915\",\"CASTRIES\",\"NOCLLIKNOWN\",\"\",\"ICO\",\"\",\"\",\"830\",\"\"",
  "country": ""
}

[2025-02-08T18:37:39.629Z] Invalid country
{
  "line": "\"758\",\"484\",\"\",\"SA\",\"\",\"8915\",\"CASTRIES\",\"NOCLLIKNOWN\",\"\",\"ICO\",\"\",\"\",\"830\",\"\"",
  "country": ""
}

[2025-02-08T18:37:39.629Z] Invalid country
{
  "line": "\"758\",\"485\",\"\",\"SA\",\"\",\"8915\",\"CAP ESTATE\",\"NOCLLIKNOWN\",\"\",\"ICO\",\"\",\"\",\"830\",\"\"",
  "country": ""
}

[2025-02-08T18:37:39.629Z] Invalid country
{
  "line": "\"758\",\"518\",\"\",\"SA\",\"\",\"5505\",\"CASTRIES\",\"NOCLLIKNOWN\",\"\",\"WIRELESS\",\"\",\"\",\"830\",\"\"",
  "country": ""
}

[2025-02-08T18:37:39.629Z] Invalid country
{
  "line": "\"758\",\"519\",\"\",\"SA\",\"\",\"5505\",\"CASTRIES\",\"NOCLLIKNOWN\",\"\",\"WIRELESS\",\"\",\"\",\"830\",\"\"",
  "country": ""
}

[2025-02-08T18:37:39.629Z] Invalid country
{
  "line": "\"758\",\"520\",\"\",\"SA\",\"\",\"5505\",\"CASTRIES\",\"NOCLLIKNOWN\",\"\",\"WIRELESS\",\"\",\"\",\"830\",\"\"",
  "country": ""
}

[2025-02-08T18:37:39.629Z] Invalid country
{
  "line": "\"758\",\"526\",\"\",\"SA\",\"\",\"8915\",\"CAP ESTATE\",\"NOCLLIKNOWN\",\"\",\"ICO\",\"\",\"\",\"830\",\"\"",
  "country": ""
}

[2025-02-08T18:37:39.629Z] Invalid country
{
  "line": "\"758\",\"555\",\"\",\"SA\",\"MULTIPLE OCN LISTING\",\"MULT\",\"DIR ASST\",\"NOCLLIKNOWN\",\"\",\"UNKNOWN\",\"\",\"\",\"99999\",\"\"",
  "country": ""
}

[2025-02-08T18:37:39.629Z] Invalid country
{
  "line": "\"758\",\"584\",\"\",\"SA\",\"\",\"8915\",\"CAP ESTATE\",\"NOCLLIKNOWN\",\"\",\"ICO\",\"\",\"\",\"830\",\"\"",
  "country": ""
}

[2025-02-08T18:37:39.629Z] Invalid country
{
  "line": "\"758\",\"714\",\"\",\"SA\",\"\",\"395A\",\"CASTRIES\",\"NOCLLIKNOWN\",\"\",\"UNKNOWN\",\"\",\"\",\"830\",\"\"",
  "country": ""
}

[2025-02-08T18:37:39.629Z] Invalid country
{
  "line": "\"758\",\"715\",\"\",\"SA\",\"\",\"395A\",\"CASTRIES\",\"NOCLLIKNOWN\",\"\",\"UNKNOWN\",\"\",\"\",\"830\",\"\"",
  "country": ""
}

[2025-02-08T18:37:39.630Z] Invalid country
{
  "line": "\"758\",\"716\",\"\",\"SA\",\"\",\"395A\",\"CASTRIES\",\"NOCLLIKNOWN\",\"\",\"UNKNOWN\",\"\",\"\",\"830\",\"\"",
  "country": ""
}

[2025-02-08T18:37:39.630Z] Invalid country
{
  "line": "\"758\",\"726\",\"\",\"SA\",\"\",\"8915\",\"CAP ESTATE\",\"NOCLLIKNOWN\",\"\",\"ICO\",\"\",\"\",\"830\",\"\"",
  "country": ""
}

[2025-02-08T18:37:39.630Z] Invalid country
{
  "line": "\"758\",\"727\",\"\",\"SA\",\"\",\"8915\",\"CAP ESTATE\",\"NOCLLIKNOWN\",\"\",\"ICO\",\"\",\"\",\"830\",\"\"",
  "country": ""
}

[2025-02-08T18:37:39.630Z] Invalid country
{
  "line": "\"758\",\"739\",\"\",\"SA\",\"\",\"8915\",\"CAP ESTATE\",\"NOCLLIKNOWN\",\"\",\"ICO\",\"\",\"\",\"830\",\"\"",
  "country": ""
}

[2025-02-08T18:37:39.630Z] Invalid country
{
  "line": "\"758\",\"758\",\"\",\"SA\",\"\",\"8915\",\"CAP ESTATE\",\"NOCLLIKNOWN\",\"\",\"ICO\",\"\",\"\",\"830\",\"\"",
  "country": ""
}

[2025-02-08T18:37:39.630Z] Invalid country
{
  "line": "\"758\",\"785\",\"\",\"SA\",\"\",\"8915\",\"CAP ESTATE\",\"NOCLLIKNOWN\",\"\",\"ICO\",\"\",\"\",\"830\",\"\"",
  "country": ""
}

[2025-02-08T18:37:39.630Z] Invalid country
{
  "line": "\"758\",\"996\",\"\",\"SA\",\"\",\"8915\",\"CAP ESTATE\",\"NOCLLIKNOWN\",\"\",\"ICO\",\"\",\"\",\"830\",\"\"",
  "country": ""
}

[2025-02-08T18:37:42.087Z] Invalid country
{
  "line": "\"868\",\"555\",\"\",\"TR\",\"MULTIPLE OCN LISTING\",\"MULT\",\"DIR ASST\",\"NOCLLIKNOWN\",\"\",\"UNKNOWN\",\"\",\"\",\"99999\",\"\"",
  "country": ""
}

[2025-02-08T18:37:42.087Z] Invalid country
{
  "line": "\"868\",\"619\",\"\",\"TR\",\"\",\"8918\",\"PORT SPAIN\",\"NOCLLIKNOWN\",\"\",\"ICO\",\"\",\"\",\"830\",\"\"",
  "country": ""
}

[2025-02-08T18:37:42.087Z] Invalid country
{
  "line": "\"868\",\"620\",\"\",\"TR\",\"\",\"8918\",\"PORT SPAIN\",\"NOCLLIKNOWN\",\"\",\"ICO\",\"\",\"\",\"830\",\"\"",
  "country": ""
}

[2025-02-08T18:37:42.087Z] Invalid country
{
  "line": "\"868\",\"621\",\"\",\"TR\",\"\",\"8918\",\"PORT SPAIN\",\"NOCLLIKNOWN\",\"\",\"ICO\",\"\",\"\",\"830\",\"\"",
  "country": ""
}

[2025-02-08T18:37:42.087Z] Invalid country
{
  "line": "\"868\",\"622\",\"\",\"TR\",\"\",\"8918\",\"PORT SPAIN\",\"NOCLLIKNOWN\",\"\",\"ICO\",\"\",\"\",\"830\",\"\"",
  "country": ""
}

[2025-02-08T18:37:42.087Z] Invalid country
{
  "line": "\"868\",\"623\",\"\",\"TR\",\"\",\"8918\",\"PORT SPAIN\",\"NOCLLIKNOWN\",\"\",\"ICO\",\"\",\"\",\"830\",\"\"",
  "country": ""
}

[2025-02-08T18:37:42.088Z] Invalid country
{
  "line": "\"868\",\"624\",\"\",\"TR\",\"\",\"8918\",\"PORT SPAIN\",\"NOCLLIKNOWN\",\"\",\"ICO\",\"\",\"\",\"830\",\"\"",
  "country": ""
}

[2025-02-08T18:37:42.088Z] Invalid country
{
  "line": "\"868\",\"625\",\"\",\"TR\",\"\",\"8918\",\"PORT SPAIN\",\"NOCLLIKNOWN\",\"\",\"ICO\",\"\",\"\",\"830\",\"\"",
  "country": ""
}

[2025-02-08T18:37:42.088Z] Invalid country
{
  "line": "\"868\",\"626\",\"\",\"TR\",\"\",\"8918\",\"PORT SPAIN\",\"NOCLLIKNOWN\",\"\",\"ICO\",\"\",\"\",\"830\",\"\"",
  "country": ""
}

[2025-02-08T18:37:42.088Z] Invalid country
{
  "line": "\"868\",\"627\",\"\",\"TR\",\"\",\"8918\",\"PORT SPAIN\",\"NOCLLIKNOWN\",\"\",\"ICO\",\"\",\"\",\"830\",\"\"",
  "country": ""
}

[2025-02-08T18:37:42.088Z] Invalid country
{
  "line": "\"868\",\"628\",\"\",\"TR\",\"\",\"8918\",\"PORT SPAIN\",\"NOCLLIKNOWN\",\"\",\"ICO\",\"\",\"\",\"830\",\"\"",
  "country": ""
}

[2025-02-08T18:37:42.088Z] Invalid country
{
  "line": "\"868\",\"629\",\"\",\"TR\",\"\",\"8918\",\"PORT SPAIN\",\"NOCLLIKNOWN\",\"\",\"ICO\",\"\",\"\",\"830\",\"\"",
  "country": ""
}

[2025-02-08T18:37:42.088Z] Invalid country
{
  "line": "\"868\",\"630\",\"\",\"TR\",\"\",\"8918\",\"PORT SPAIN\",\"NOCLLIKNOWN\",\"\",\"ICO\",\"\",\"\",\"830\",\"\"",
  "country": ""
}

[2025-02-08T18:37:42.088Z] Invalid country
{
  "line": "\"868\",\"631\",\"\",\"TR\",\"\",\"8918\",\"PORT SPAIN\",\"NOCLLIKNOWN\",\"\",\"ICO\",\"\",\"\",\"830\",\"\"",
  "country": ""
}

[2025-02-08T18:37:42.088Z] Invalid country
{
  "line": "\"868\",\"632\",\"\",\"TR\",\"\",\"8918\",\"DIEGOMRTIN\",\"NOCLLIKNOWN\",\"\",\"ICO\",\"\",\"\",\"830\",\"\"",
  "country": ""
}

[2025-02-08T18:37:42.088Z] Invalid country
{
  "line": "\"868\",\"633\",\"\",\"TR\",\"\",\"8918\",\"DIEGOMRTIN\",\"NOCLLIKNOWN\",\"\",\"ICO\",\"\",\"\",\"830\",\"\"",
  "country": ""
}

[2025-02-08T18:37:42.088Z] Invalid country
{
  "line": "\"868\",\"634\",\"\",\"TR\",\"\",\"8918\",\"DIEGOMRTIN\",\"NOCLLIKNOWN\",\"\",\"ICO\",\"\",\"\",\"830\",\"\"",
  "country": ""
}

[2025-02-08T18:37:42.088Z] Invalid country
{
  "line": "\"868\",\"635\",\"\",\"TR\",\"\",\"8918\",\"PORT SPAIN\",\"NOCLLIKNOWN\",\"\",\"ICO\",\"\",\"\",\"830\",\"\"",
  "country": ""
}

[2025-02-08T18:37:42.088Z] Invalid country
{
  "line": "\"868\",\"636\",\"\",\"TR\",\"\",\"8918\",\"COUVA\",\"NOCLLIKNOWN\",\"\",\"ICO\",\"\",\"\",\"830\",\"\"",
  "country": ""
}

[2025-02-08T18:37:42.089Z] Invalid country
{
  "line": "\"868\",\"637\",\"\",\"TR\",\"\",\"8918\",\"COUVA\",\"NOCLLIKNOWN\",\"\",\"ICO\",\"\",\"\",\"830\",\"\"",
  "country": ""
}

[2025-02-08T18:37:42.089Z] Invalid country
{
  "line": "\"868\",\"638\",\"\",\"TR\",\"\",\"8918\",\"SAN JUAN\",\"NOCLLIKNOWN\",\"\",\"ICO\",\"\",\"\",\"830\",\"\"",
  "country": ""
}

[2025-02-08T18:37:42.089Z] Invalid country
{
  "line": "\"868\",\"639\",\"\",\"TR\",\"\",\"8918\",\"SCARBOTBGO\",\"NOCLLIKNOWN\",\"\",\"ICO\",\"\",\"\",\"830\",\"\"",
  "country": ""
}

[2025-02-08T18:37:42.089Z] Invalid country
{
  "line": "\"868\",\"640\",\"\",\"TR\",\"\",\"8918\",\"TRINCITY\",\"NOCLLIKNOWN\",\"\",\"ICO\",\"\",\"\",\"830\",\"\"",
  "country": ""
}

[2025-02-08T18:37:42.089Z] Invalid country
{
  "line": "\"868\",\"642\",\"\",\"TR\",\"\",\"8918\",\"ARIMA\",\"NOCLLIKNOWN\",\"\",\"ICO\",\"\",\"\",\"830\",\"\"",
  "country": ""
}

[2025-02-08T18:37:42.089Z] Invalid country
{
  "line": "\"868\",\"643\",\"\",\"TR\",\"\",\"8918\",\"SANTA ROSA\",\"NOCLLIKNOWN\",\"\",\"ICO\",\"\",\"\",\"830\",\"\"",
  "country": ""
}

[2025-02-08T18:37:42.089Z] Invalid country
{
  "line": "\"868\",\"644\",\"\",\"TR\",\"\",\"8918\",\"SAN JUAN\",\"NOCLLIKNOWN\",\"\",\"ICO\",\"\",\"\",\"830\",\"\"",
  "country": ""
}

[2025-02-08T18:37:42.089Z] Invalid country
{
  "line": "\"868\",\"645\",\"\",\"TR\",\"\",\"8918\",\"STAUGUSTIN\",\"NOCLLIKNOWN\",\"\",\"ICO\",\"\",\"\",\"830\",\"\"",
  "country": ""
}

[2025-02-08T18:37:42.089Z] Invalid country
{
  "line": "\"868\",\"646\",\"\",\"TR\",\"\",\"8918\",\"MAUSICA\",\"NOCLLIKNOWN\",\"\",\"ICO\",\"\",\"\",\"830\",\"\"",
  "country": ""
}

[2025-02-08T18:37:42.089Z] Invalid country
{
  "line": "\"868\",\"647\",\"\",\"TR\",\"\",\"8918\",\"PENAL\",\"NOCLLIKNOWN\",\"\",\"ICO\",\"\",\"\",\"830\",\"\"",
  "country": ""
}

[2025-02-08T18:37:42.089Z] Invalid country
{
  "line": "\"868\",\"648\",\"\",\"TR\",\"\",\"8918\",\"PT FORTIN\",\"NOCLLIKNOWN\",\"\",\"ICO\",\"\",\"\",\"830\",\"\"",
  "country": ""
}

[2025-02-08T18:37:42.089Z] Invalid country
{
  "line": "\"868\",\"649\",\"\",\"TR\",\"\",\"8918\",\"SIPARIA\",\"NOCLLIKNOWN\",\"\",\"ICO\",\"\",\"\",\"830\",\"\"",
  "country": ""
}

[2025-02-08T18:37:42.089Z] Invalid country
{
  "line": "\"868\",\"650\",\"\",\"TR\",\"\",\"8918\",\"GASPARILLO\",\"NOCLLIKNOWN\",\"\",\"ICO\",\"\",\"\",\"830\",\"\"",
  "country": ""
}

[2025-02-08T18:37:42.090Z] Invalid country
{
  "line": "\"868\",\"651\",\"\",\"TR\",\"\",\"8918\",\"PORT SPAIN\",\"NOCLLIKNOWN\",\"\",\"ICO\",\"\",\"\",\"830\",\"\"",
  "country": ""
}

[2025-02-08T18:37:42.090Z] Invalid country
{
  "line": "\"868\",\"652\",\"\",\"TR\",\"\",\"8918\",\"SANFRNANDO\",\"NOCLLIKNOWN\",\"\",\"ICO\",\"\",\"\",\"830\",\"\"",
  "country": ""
}

[2025-02-08T18:37:42.090Z] Invalid country
{
  "line": "\"868\",\"653\",\"\",\"TR\",\"\",\"8918\",\"SANFRNANDO\",\"NOCLLIKNOWN\",\"\",\"ICO\",\"\",\"\",\"830\",\"\"",
  "country": ""
}

[2025-02-08T18:37:42.090Z] Invalid country
{
  "line": "\"868\",\"654\",\"\",\"TR\",\"\",\"8918\",\"BARACKPORE\",\"NOCLLIKNOWN\",\"\",\"ICO\",\"\",\"\",\"830\",\"\"",
  "country": ""
}

[2025-02-08T18:37:42.090Z] Invalid country
{
  "line": "\"868\",\"655\",\"\",\"TR\",\"\",\"8918\",\"PRINCESSTN\",\"NOCLLIKNOWN\",\"\",\"ICO\",\"\",\"\",\"830\",\"\"",
  "country": ""
}

[2025-02-08T18:37:42.090Z] Invalid country
{
  "line": "\"868\",\"656\",\"\",\"TR\",\"\",\"8918\",\"PRINCESSTN\",\"NOCLLIKNOWN\",\"\",\"ICO\",\"\",\"\",\"830\",\"\"",
  "country": ""
}

[2025-02-08T18:37:42.090Z] Invalid country
{
  "line": "\"868\",\"657\",\"\",\"TR\",\"\",\"8918\",\"CROSSCRSNG\",\"NOCLLIKNOWN\",\"\",\"ICO\",\"\",\"\",\"830\",\"\"",
  "country": ""
}

[2025-02-08T18:37:42.090Z] Invalid country
{
  "line": "\"868\",\"658\",\"\",\"TR\",\"\",\"8918\",\"CROSSCRSNG\",\"NOCLLIKNOWN\",\"\",\"ICO\",\"\",\"\",\"830\",\"\"",
  "country": ""
}

[2025-02-08T18:37:42.090Z] Invalid country
{
  "line": "\"868\",\"659\",\"\",\"TR\",\"\",\"8918\",\"CLAXTONBAY\",\"NOCLLIKNOWN\",\"\",\"ICO\",\"\",\"\",\"830\",\"\"",
  "country": ""
}

[2025-02-08T18:37:42.090Z] Invalid country
{
  "line": "\"868\",\"660\",\"\",\"TR\",\"\",\"8918\",\"ROCKSBOTBG\",\"NOCLLIKNOWN\",\"\",\"ICO\",\"\",\"\",\"830\",\"\"",
  "country": ""
}

[2025-02-08T18:37:42.090Z] Invalid country
{
  "line": "\"868\",\"662\",\"\",\"TR\",\"\",\"8918\",\"STAUGUSTIN\",\"NOCLLIKNOWN\",\"\",\"ICO\",\"\",\"\",\"830\",\"\"",
  "country": ""
}

[2025-02-08T18:37:42.090Z] Invalid country
{
  "line": "\"868\",\"663\",\"\",\"TR\",\"\",\"8918\",\"STAUGUSTIN\",\"NOCLLIKNOWN\",\"\",\"ICO\",\"\",\"\",\"830\",\"\"",
  "country": ""
}

[2025-02-08T18:37:42.090Z] Invalid country
{
  "line": "\"868\",\"664\",\"\",\"TR\",\"\",\"8918\",\"PIARCO\",\"NOCLLIKNOWN\",\"\",\"ICO\",\"\",\"\",\"830\",\"\"",
  "country": ""
}

[2025-02-08T18:37:42.090Z] Invalid country
{
  "line": "\"868\",\"665\",\"\",\"TR\",\"\",\"8918\",\"CHAGUANAS\",\"NOCLLIKNOWN\",\"\",\"ICO\",\"\",\"\",\"830\",\"\"",
  "country": ""
}

[2025-02-08T18:37:42.090Z] Invalid country
{
  "line": "\"868\",\"667\",\"\",\"TR\",\"\",\"8918\",\"ARIMA\",\"NOCLLIKNOWN\",\"\",\"ICO\",\"\",\"\",\"830\",\"\"",
  "country": ""
}

[2025-02-08T18:37:42.090Z] Invalid country
{
  "line": "\"868\",\"668\",\"\",\"TR\",\"\",\"8918\",\"TOCO\",\"NOCLLIKNOWN\",\"\",\"ICO\",\"\",\"\",\"830\",\"\"",
  "country": ""
}

[2025-02-08T18:37:42.090Z] Invalid country
{
  "line": "\"868\",\"669\",\"\",\"TR\",\"\",\"8918\",\"PIARCO\",\"NOCLLIKNOWN\",\"\",\"ICO\",\"\",\"\",\"830\",\"\"",
  "country": ""
}

[2025-02-08T18:37:42.090Z] Invalid country
{
  "line": "\"868\",\"670\",\"\",\"TR\",\"\",\"8918\",\"PORT SPAIN\",\"NOCLLIKNOWN\",\"\",\"ICO\",\"\",\"\",\"830\",\"\"",
  "country": ""
}

[2025-02-08T18:37:42.090Z] Invalid country
{
  "line": "\"868\",\"671\",\"\",\"TR\",\"\",\"8918\",\"CHAGUANAS\",\"NOCLLIKNOWN\",\"\",\"ICO\",\"\",\"\",\"830\",\"\"",
  "country": ""
}

[2025-02-08T18:37:42.090Z] Invalid country
{
  "line": "\"868\",\"672\",\"\",\"TR\",\"\",\"8918\",\"CHAGUANAS\",\"NOCLLIKNOWN\",\"\",\"ICO\",\"\",\"\",\"830\",\"\"",
  "country": ""
}

[2025-02-08T18:37:42.090Z] Invalid country
{
  "line": "\"868\",\"673\",\"\",\"TR\",\"\",\"8918\",\"FREEPORT\",\"NOCLLIKNOWN\",\"\",\"ICO\",\"\",\"\",\"830\",\"\"",
  "country": ""
}

[2025-02-08T18:37:42.090Z] Invalid country
{
  "line": "\"868\",\"674\",\"\",\"TR\",\"\",\"8918\",\"SAN JUAN\",\"NOCLLIKNOWN\",\"\",\"ICO\",\"\",\"\",\"830\",\"\"",
  "country": ""
}

[2025-02-08T18:37:42.090Z] Invalid country
{
  "line": "\"868\",\"675\",\"\",\"TR\",\"\",\"8918\",\"SAN JUAN\",\"NOCLLIKNOWN\",\"\",\"ICO\",\"\",\"\",\"830\",\"\"",
  "country": ""
}

[2025-02-08T18:37:42.090Z] Invalid country
{
  "line": "\"868\",\"676\",\"\",\"TR\",\"\",\"8918\",\"SAN JUAN\",\"NOCLLIKNOWN\",\"\",\"ICO\",\"\",\"\",\"830\",\"\"",
  "country": ""
}

[2025-02-08T18:37:42.090Z] Invalid country
{
  "line": "\"868\",\"677\",\"\",\"TR\",\"\",\"8918\",\"FRYZABAD\",\"NOCLLIKNOWN\",\"\",\"ICO\",\"\",\"\",\"830\",\"\"",
  "country": ""
}

[2025-02-08T18:37:42.090Z] Invalid country
{
  "line": "\"868\",\"678\",\"\",\"TR\",\"\",\"8918\",\"COUVA\",\"NOCLLIKNOWN\",\"\",\"ICO\",\"\",\"\",\"830\",\"\"",
  "country": ""
}

[2025-02-08T18:37:42.090Z] Invalid country
{
  "line": "\"868\",\"679\",\"\",\"TR\",\"\",\"8918\",\"COUVA\",\"NOCLLIKNOWN\",\"\",\"ICO\",\"\",\"\",\"830\",\"\"",
  "country": ""
}

[2025-02-08T18:37:42.090Z] Invalid country
{
  "line": "\"868\",\"680\",\"\",\"TR\",\"\",\"8918\",\"PORT SPAIN\",\"NOCLLIKNOWN\",\"\",\"ICO\",\"\",\"\",\"830\",\"\"",
  "country": ""
}

[2025-02-08T18:37:42.090Z] Invalid country
{
  "line": "\"868\",\"681\",\"\",\"TR\",\"\",\"8918\",\"PORT SPAIN\",\"NOCLLIKNOWN\",\"\",\"ICO\",\"\",\"\",\"830\",\"\"",
  "country": ""
}

[2025-02-08T18:37:42.090Z] Invalid country
{
  "line": "\"868\",\"682\",\"\",\"TR\",\"\",\"8918\",\"PORT SPAIN\",\"NOCLLIKNOWN\",\"\",\"ICO\",\"\",\"\",\"830\",\"\"",
  "country": ""
}

[2025-02-08T18:37:42.090Z] Invalid country
{
  "line": "\"868\",\"683\",\"\",\"TR\",\"\",\"8918\",\"PORT SPAIN\",\"NOCLLIKNOWN\",\"\",\"ICO\",\"\",\"\",\"830\",\"\"",
  "country": ""
}

[2025-02-08T18:37:42.090Z] Invalid country
{
  "line": "\"868\",\"684\",\"\",\"TR\",\"\",\"8918\",\"PORT SPAIN\",\"NOCLLIKNOWN\",\"\",\"ICO\",\"\",\"\",\"830\",\"\"",
  "country": ""
}

[2025-02-08T18:37:42.090Z] Invalid country
{
  "line": "\"868\",\"685\",\"\",\"TR\",\"\",\"8918\",\"PORT SPAIN\",\"NOCLLIKNOWN\",\"\",\"ICO\",\"\",\"\",\"830\",\"\"",
  "country": ""
}

[2025-02-08T18:37:42.090Z] Invalid country
{
  "line": "\"868\",\"686\",\"\",\"TR\",\"\",\"8918\",\"PORT SPAIN\",\"NOCLLIKNOWN\",\"\",\"ICO\",\"\",\"\",\"830\",\"\"",
  "country": ""
}

[2025-02-08T18:37:42.090Z] Invalid country
{
  "line": "\"868\",\"687\",\"\",\"TR\",\"\",\"8918\",\"PORT SPAIN\",\"NOCLLIKNOWN\",\"\",\"ICO\",\"\",\"\",\"830\",\"\"",
  "country": ""
}

[2025-02-08T18:37:42.090Z] Invalid country
{
  "line": "\"868\",\"688\",\"\",\"TR\",\"\",\"8918\",\"PORT SPAIN\",\"NOCLLIKNOWN\",\"\",\"ICO\",\"\",\"\",\"830\",\"\"",
  "country": ""
}

[2025-02-08T18:37:42.090Z] Invalid country
{
  "line": "\"868\",\"689\",\"\",\"TR\",\"\",\"8918\",\"PORT SPAIN\",\"NOCLLIKNOWN\",\"\",\"ICO\",\"\",\"\",\"830\",\"\"",
  "country": ""
}

[2025-02-08T18:37:42.091Z] Invalid country
{
  "line": "\"868\",\"690\",\"\",\"TR\",\"\",\"8918\",\"PORT SPAIN\",\"NOCLLIKNOWN\",\"\",\"ICO\",\"\",\"\",\"830\",\"\"",
  "country": ""
}

[2025-02-08T18:37:42.091Z] Invalid country
{
  "line": "\"868\",\"691\",\"\",\"TR\",\"\",\"8918\",\"PORT SPAIN\",\"NOCLLIKNOWN\",\"\",\"ICO\",\"\",\"\",\"830\",\"\"",
  "country": ""
}

[2025-02-08T18:37:42.091Z] Invalid country
{
  "line": "\"868\",\"692\",\"\",\"TR\",\"\",\"8918\",\"PORT SPAIN\",\"NOCLLIKNOWN\",\"\",\"ICO\",\"\",\"\",\"830\",\"\"",
  "country": ""
}

[2025-02-08T18:37:42.091Z] Invalid country
{
  "line": "\"868\",\"693\",\"\",\"TR\",\"\",\"8918\",\"PORT SPAIN\",\"NOCLLIKNOWN\",\"\",\"ICO\",\"\",\"\",\"830\",\"\"",
  "country": ""
}

[2025-02-08T18:37:42.091Z] Invalid country
{
  "line": "\"868\",\"694\",\"\",\"TR\",\"\",\"8918\",\"PORT SPAIN\",\"NOCLLIKNOWN\",\"\",\"ICO\",\"\",\"\",\"830\",\"\"",
  "country": ""
}

[2025-02-08T18:37:42.091Z] Invalid country
{
  "line": "\"868\",\"695\",\"\",\"TR\",\"\",\"8918\",\"PORT SPAIN\",\"NOCLLIKNOWN\",\"\",\"ICO\",\"\",\"\",\"830\",\"\"",
  "country": ""
}

[2025-02-08T18:37:42.091Z] Invalid country
{
  "line": "\"868\",\"696\",\"\",\"TR\",\"\",\"8918\",\"PORT SPAIN\",\"NOCLLIKNOWN\",\"\",\"ICO\",\"\",\"\",\"830\",\"\"",
  "country": ""
}

[2025-02-08T18:37:42.091Z] Invalid country
{
  "line": "\"868\",\"697\",\"\",\"TR\",\"\",\"8918\",\"PORT SPAIN\",\"NOCLLIKNOWN\",\"\",\"ICO\",\"\",\"\",\"830\",\"\"",
  "country": ""
}

[2025-02-08T18:37:42.091Z] Invalid country
{
  "line": "\"868\",\"698\",\"\",\"TR\",\"\",\"8918\",\"PORT SPAIN\",\"NOCLLIKNOWN\",\"\",\"ICO\",\"\",\"\",\"830\",\"\"",
  "country": ""
}

[2025-02-08T18:37:42.091Z] Invalid country
{
  "line": "\"868\",\"750\",\"\",\"TR\",\"\",\"8918\",\"PORT SPAIN\",\"NOCLLIKNOWN\",\"\",\"ICO\",\"\",\"\",\"830\",\"\"",
  "country": ""
}

[2025-02-08T18:37:42.091Z] Invalid country
{
  "line": "\"868\",\"751\",\"\",\"TR\",\"\",\"8918\",\"PORT SPAIN\",\"NOCLLIKNOWN\",\"\",\"ICO\",\"\",\"\",\"830\",\"\"",
  "country": ""
}

[2025-02-08T18:37:42.091Z] Invalid country
{
  "line": "\"868\",\"752\",\"\",\"TR\",\"\",\"8918\",\"PORT SPAIN\",\"NOCLLIKNOWN\",\"\",\"ICO\",\"\",\"\",\"830\",\"\"",
  "country": ""
}

[2025-02-08T18:37:42.091Z] Invalid country
{
  "line": "\"868\",\"753\",\"\",\"TR\",\"\",\"8918\",\"PORT SPAIN\",\"NOCLLIKNOWN\",\"\",\"ICO\",\"\",\"\",\"830\",\"\"",
  "country": ""
}

[2025-02-08T18:37:42.091Z] Invalid country
{
  "line": "\"868\",\"754\",\"\",\"TR\",\"\",\"8918\",\"PORT SPAIN\",\"NOCLLIKNOWN\",\"\",\"ICO\",\"\",\"\",\"830\",\"\"",
  "country": ""
}

[2025-02-08T18:37:42.091Z] Invalid country
{
  "line": "\"868\",\"755\",\"\",\"TR\",\"\",\"8918\",\"PORT SPAIN\",\"NOCLLIKNOWN\",\"\",\"ICO\",\"\",\"\",\"830\",\"\"",
  "country": ""
}

[2025-02-08T18:37:42.091Z] Invalid country
{
  "line": "\"868\",\"756\",\"\",\"TR\",\"\",\"8918\",\"PORT SPAIN\",\"NOCLLIKNOWN\",\"\",\"ICO\",\"\",\"\",\"830\",\"\"",
  "country": ""
}

[2025-02-08T18:37:42.091Z] Invalid country
{
  "line": "\"868\",\"757\",\"\",\"TR\",\"\",\"8918\",\"PORT SPAIN\",\"NOCLLIKNOWN\",\"\",\"ICO\",\"\",\"\",\"830\",\"\"",
  "country": ""
}

[2025-02-08T18:37:42.091Z] Invalid country
{
  "line": "\"868\",\"758\",\"\",\"TR\",\"\",\"8918\",\"PORT SPAIN\",\"NOCLLIKNOWN\",\"\",\"ICO\",\"\",\"\",\"830\",\"\"",
  "country": ""
}

[2025-02-08T18:37:42.091Z] Invalid country
{
  "line": "\"868\",\"759\",\"\",\"TR\",\"\",\"8918\",\"PORT SPAIN\",\"NOCLLIKNOWN\",\"\",\"ICO\",\"\",\"\",\"830\",\"\"",
  "country": ""
}

[2025-02-08T18:37:42.091Z] Invalid country
{
  "line": "\"868\",\"760\",\"\",\"TR\",\"\",\"8918\",\"PORT SPAIN\",\"NOCLLIKNOWN\",\"\",\"ICO\",\"\",\"\",\"830\",\"\"",
  "country": ""
}

[2025-02-08T18:37:42.091Z] Invalid country
{
  "line": "\"868\",\"761\",\"\",\"TR\",\"\",\"8918\",\"PORT SPAIN\",\"NOCLLIKNOWN\",\"\",\"ICO\",\"\",\"\",\"830\",\"\"",
  "country": ""
}

[2025-02-08T18:37:42.091Z] Invalid country
{
  "line": "\"868\",\"762\",\"\",\"TR\",\"\",\"8918\",\"PORT SPAIN\",\"NOCLLIKNOWN\",\"\",\"ICO\",\"\",\"\",\"830\",\"\"",
  "country": ""
}

[2025-02-08T18:37:42.091Z] Invalid country
{
  "line": "\"868\",\"763\",\"\",\"TR\",\"\",\"8918\",\"PORT SPAIN\",\"NOCLLIKNOWN\",\"\",\"ICO\",\"\",\"\",\"830\",\"\"",
  "country": ""
}

[2025-02-08T18:37:42.091Z] Invalid country
{
  "line": "\"868\",\"764\",\"\",\"TR\",\"\",\"8918\",\"PORT SPAIN\",\"NOCLLIKNOWN\",\"\",\"ICO\",\"\",\"\",\"830\",\"\"",
  "country": ""
}

[2025-02-08T18:37:42.091Z] Invalid country
{
  "line": "\"868\",\"765\",\"\",\"TR\",\"\",\"8918\",\"PORT SPAIN\",\"NOCLLIKNOWN\",\"\",\"ICO\",\"\",\"\",\"830\",\"\"",
  "country": ""
}

[2025-02-08T18:37:42.091Z] Invalid country
{
  "line": "\"868\",\"766\",\"\",\"TR\",\"\",\"8918\",\"PORT SPAIN\",\"NOCLLIKNOWN\",\"\",\"ICO\",\"\",\"\",\"830\",\"\"",
  "country": ""
}

[2025-02-08T18:37:42.091Z] Invalid country
{
  "line": "\"868\",\"767\",\"\",\"TR\",\"\",\"8918\",\"PORT SPAIN\",\"NOCLLIKNOWN\",\"\",\"ICO\",\"\",\"\",\"830\",\"\"",
  "country": ""
}

[2025-02-08T18:37:42.091Z] Invalid country
{
  "line": "\"868\",\"768\",\"\",\"TR\",\"\",\"8918\",\"PORT SPAIN\",\"NOCLLIKNOWN\",\"\",\"ICO\",\"\",\"\",\"830\",\"\"",
  "country": ""
}

[2025-02-08T18:37:42.091Z] Invalid country
{
  "line": "\"868\",\"769\",\"\",\"TR\",\"\",\"8918\",\"PORT SPAIN\",\"NOCLLIKNOWN\",\"\",\"ICO\",\"\",\"\",\"830\",\"\"",
  "country": ""
}

[2025-02-08T18:37:42.091Z] Invalid country
{
  "line": "\"868\",\"770\",\"\",\"TR\",\"\",\"8918\",\"PORT SPAIN\",\"NOCLLIKNOWN\",\"\",\"ICO\",\"\",\"\",\"830\",\"\"",
  "country": ""
}

[2025-02-08T18:37:42.091Z] Invalid country
{
  "line": "\"868\",\"771\",\"\",\"TR\",\"\",\"8918\",\"PORT SPAIN\",\"NOCLLIKNOWN\",\"\",\"ICO\",\"\",\"\",\"830\",\"\"",
  "country": ""
}

[2025-02-08T18:37:42.091Z] Invalid country
{
  "line": "\"868\",\"772\",\"\",\"TR\",\"\",\"8918\",\"PORT SPAIN\",\"NOCLLIKNOWN\",\"\",\"ICO\",\"\",\"\",\"830\",\"\"",
  "country": ""
}

[2025-02-08T18:37:42.091Z] Invalid country
{
  "line": "\"868\",\"773\",\"\",\"TR\",\"\",\"8918\",\"PORT SPAIN\",\"NOCLLIKNOWN\",\"\",\"ICO\",\"\",\"\",\"830\",\"\"",
  "country": ""
}

[2025-02-08T18:37:42.091Z] Invalid country
{
  "line": "\"868\",\"774\",\"\",\"TR\",\"\",\"8918\",\"PORT SPAIN\",\"NOCLLIKNOWN\",\"\",\"ICO\",\"\",\"\",\"830\",\"\"",
  "country": ""
}

[2025-02-08T18:37:42.091Z] Invalid country
{
  "line": "\"868\",\"775\",\"\",\"TR\",\"\",\"8918\",\"PORT SPAIN\",\"NOCLLIKNOWN\",\"\",\"ICO\",\"\",\"\",\"830\",\"\"",
  "country": ""
}

[2025-02-08T18:37:42.091Z] Invalid country
{
  "line": "\"868\",\"776\",\"\",\"TR\",\"\",\"8918\",\"PORT SPAIN\",\"NOCLLIKNOWN\",\"\",\"ICO\",\"\",\"\",\"830\",\"\"",
  "country": ""
}

[2025-02-08T18:37:42.091Z] Invalid country
{
  "line": "\"868\",\"777\",\"\",\"TR\",\"\",\"8918\",\"PORT SPAIN\",\"NOCLLIKNOWN\",\"\",\"ICO\",\"\",\"\",\"830\",\"\"",
  "country": ""
}

[2025-02-08T18:37:42.091Z] Invalid country
{
  "line": "\"868\",\"778\",\"\",\"TR\",\"\",\"8918\",\"PORT SPAIN\",\"NOCLLIKNOWN\",\"\",\"ICO\",\"\",\"\",\"830\",\"\"",
  "country": ""
}

[2025-02-08T18:37:42.091Z] Invalid country
{
  "line": "\"868\",\"779\",\"\",\"TR\",\"\",\"8918\",\"PORT SPAIN\",\"NOCLLIKNOWN\",\"\",\"ICO\",\"\",\"\",\"830\",\"\"",
  "country": ""
}

[2025-02-08T18:37:42.091Z] Invalid country
{
  "line": "\"868\",\"780\",\"\",\"TR\",\"\",\"8918\",\"PORT SPAIN\",\"NOCLLIKNOWN\",\"\",\"ICO\",\"\",\"\",\"830\",\"\"",
  "country": ""
}

[2025-02-08T18:37:42.091Z] Invalid country
{
  "line": "\"868\",\"781\",\"\",\"TR\",\"\",\"8918\",\"PORT SPAIN\",\"NOCLLIKNOWN\",\"\",\"ICO\",\"\",\"\",\"830\",\"\"",
  "country": ""
}

[2025-02-08T18:37:42.091Z] Invalid country
{
  "line": "\"868\",\"782\",\"\",\"TR\",\"\",\"8918\",\"PORT SPAIN\",\"NOCLLIKNOWN\",\"\",\"ICO\",\"\",\"\",\"830\",\"\"",
  "country": ""
}

[2025-02-08T18:37:42.091Z] Invalid country
{
  "line": "\"868\",\"783\",\"\",\"TR\",\"\",\"8918\",\"PORT SPAIN\",\"NOCLLIKNOWN\",\"\",\"ICO\",\"\",\"\",\"830\",\"\"",
  "country": ""
}

[2025-02-08T18:37:42.092Z] Invalid country
{
  "line": "\"868\",\"784\",\"\",\"TR\",\"\",\"8918\",\"PORT SPAIN\",\"NOCLLIKNOWN\",\"\",\"ICO\",\"\",\"\",\"830\",\"\"",
  "country": ""
}

[2025-02-08T18:37:42.092Z] Invalid country
{
  "line": "\"868\",\"785\",\"\",\"TR\",\"\",\"8918\",\"PORT SPAIN\",\"NOCLLIKNOWN\",\"\",\"ICO\",\"\",\"\",\"830\",\"\"",
  "country": ""
}

[2025-02-08T18:37:42.092Z] Invalid country
{
  "line": "\"868\",\"786\",\"\",\"TR\",\"\",\"8918\",\"PORT SPAIN\",\"NOCLLIKNOWN\",\"\",\"ICO\",\"\",\"\",\"830\",\"\"",
  "country": ""
}

[2025-02-08T18:37:42.092Z] Invalid country
{
  "line": "\"868\",\"787\",\"\",\"TR\",\"\",\"8918\",\"PORT SPAIN\",\"NOCLLIKNOWN\",\"\",\"ICO\",\"\",\"\",\"830\",\"\"",
  "country": ""
}

[2025-02-08T18:37:42.092Z] Invalid country
{
  "line": "\"868\",\"788\",\"\",\"TR\",\"\",\"8918\",\"PORT SPAIN\",\"NOCLLIKNOWN\",\"\",\"ICO\",\"\",\"\",\"830\",\"\"",
  "country": ""
}

[2025-02-08T18:37:42.092Z] Invalid country
{
  "line": "\"868\",\"789\",\"\",\"TR\",\"\",\"8918\",\"PORT SPAIN\",\"NOCLLIKNOWN\",\"\",\"ICO\",\"\",\"\",\"830\",\"\"",
  "country": ""
}

[2025-02-08T18:37:42.092Z] Invalid country
{
  "line": "\"868\",\"790\",\"\",\"TR\",\"\",\"8918\",\"PORT SPAIN\",\"NOCLLIKNOWN\",\"\",\"ICO\",\"\",\"\",\"830\",\"\"",
  "country": ""
}

[2025-02-08T18:37:42.092Z] Invalid country
{
  "line": "\"868\",\"791\",\"\",\"TR\",\"\",\"8918\",\"PORT SPAIN\",\"NOCLLIKNOWN\",\"\",\"ICO\",\"\",\"\",\"830\",\"\"",
  "country": ""
}

[2025-02-08T18:37:42.092Z] Invalid country
{
  "line": "\"868\",\"792\",\"\",\"TR\",\"\",\"8918\",\"PORT SPAIN\",\"NOCLLIKNOWN\",\"\",\"ICO\",\"\",\"\",\"830\",\"\"",
  "country": ""
}

[2025-02-08T18:37:42.092Z] Invalid country
{
  "line": "\"868\",\"793\",\"\",\"TR\",\"\",\"8918\",\"PORT SPAIN\",\"NOCLLIKNOWN\",\"\",\"ICO\",\"\",\"\",\"830\",\"\"",
  "country": ""
}

[2025-02-08T18:37:42.092Z] Invalid country
{
  "line": "\"868\",\"794\",\"\",\"TR\",\"\",\"8918\",\"PORT SPAIN\",\"NOCLLIKNOWN\",\"\",\"ICO\",\"\",\"\",\"830\",\"\"",
  "country": ""
}

[2025-02-08T18:37:42.092Z] Invalid country
{
  "line": "\"868\",\"795\",\"\",\"TR\",\"\",\"8918\",\"PORT SPAIN\",\"NOCLLIKNOWN\",\"\",\"ICO\",\"\",\"\",\"830\",\"\"",
  "country": ""
}

[2025-02-08T18:37:42.092Z] Invalid country
{
  "line": "\"868\",\"796\",\"\",\"TR\",\"\",\"8918\",\"PORT SPAIN\",\"NOCLLIKNOWN\",\"\",\"ICO\",\"\",\"\",\"830\",\"\"",
  "country": ""
}

[2025-02-08T18:37:42.092Z] Invalid country
{
  "line": "\"868\",\"797\",\"\",\"TR\",\"\",\"8918\",\"PORT SPAIN\",\"NOCLLIKNOWN\",\"\",\"ICO\",\"\",\"\",\"830\",\"\"",
  "country": ""
}

[2025-02-08T18:37:42.092Z] Invalid country
{
  "line": "\"868\",\"798\",\"\",\"TR\",\"\",\"8918\",\"PORT SPAIN\",\"NOCLLIKNOWN\",\"\",\"ICO\",\"\",\"\",\"830\",\"\"",
  "country": ""
}

[2025-02-08T18:37:42.092Z] Invalid country
{
  "line": "\"868\",\"799\",\"\",\"TR\",\"\",\"8918\",\"PORT SPAIN\",\"NOCLLIKNOWN\",\"\",\"ICO\",\"\",\"\",\"830\",\"\"",
  "country": ""
}

[2025-02-08T18:37:42.092Z] Invalid country
{
  "line": "\"868\",\"820\",\"\",\"TR\",\"\",\"8918\",\"PORT SPAIN\",\"NOCLLIKNOWN\",\"\",\"ICO\",\"\",\"\",\"830\",\"\"",
  "country": ""
}

[2025-02-08T18:37:42.092Z] Invalid country
{
  "line": "\"868\",\"821\",\"\",\"TR\",\"\",\"8918\",\"PORT SPAIN\",\"NOCLLIKNOWN\",\"\",\"ICO\",\"\",\"\",\"830\",\"\"",
  "country": ""
}

[2025-02-08T18:37:42.092Z] Invalid country
{
  "line": "\"868\",\"822\",\"\",\"TR\",\"\",\"8918\",\"PORT SPAIN\",\"NOCLLIKNOWN\",\"\",\"ICO\",\"\",\"\",\"830\",\"\"",
  "country": ""
}

[2025-02-08T18:37:42.092Z] Invalid country
{
  "line": "\"868\",\"823\",\"\",\"TR\",\"\",\"8918\",\"PORT SPAIN\",\"NOCLLIKNOWN\",\"\",\"ICO\",\"\",\"\",\"830\",\"\"",
  "country": ""
}

[2025-02-08T18:37:42.092Z] Invalid country
{
  "line": "\"868\",\"824\",\"\",\"TR\",\"\",\"8918\",\"PORT SPAIN\",\"NOCLLIKNOWN\",\"\",\"ICO\",\"\",\"\",\"830\",\"\"",
  "country": ""
}

[2025-02-08T18:37:42.092Z] Invalid country
{
  "line": "\"868\",\"825\",\"\",\"TR\",\"\",\"8918\",\"PORT SPAIN\",\"NOCLLIKNOWN\",\"\",\"ICO\",\"\",\"\",\"830\",\"\"",
  "country": ""
}

[2025-02-08T18:37:42.092Z] Invalid country
{
  "line": "\"868\",\"826\",\"\",\"TR\",\"\",\"8918\",\"PORT SPAIN\",\"NOCLLIKNOWN\",\"\",\"ICO\",\"\",\"\",\"830\",\"\"",
  "country": ""
}

[2025-02-08T18:37:42.092Z] Invalid country
{
  "line": "\"868\",\"827\",\"\",\"TR\",\"\",\"8918\",\"PORT SPAIN\",\"NOCLLIKNOWN\",\"\",\"ICO\",\"\",\"\",\"830\",\"\"",
  "country": ""
}

[2025-02-08T18:37:42.092Z] Invalid country
{
  "line": "\"868\",\"828\",\"\",\"TR\",\"\",\"8918\",\"PORT SPAIN\",\"NOCLLIKNOWN\",\"\",\"ICO\",\"\",\"\",\"830\",\"\"",
  "country": ""
}

[2025-02-08T18:37:42.092Z] Invalid country
{
  "line": "\"868\",\"829\",\"\",\"TR\",\"\",\"8918\",\"PORT SPAIN\",\"NOCLLIKNOWN\",\"\",\"ICO\",\"\",\"\",\"830\",\"\"",
  "country": ""
}

[2025-02-08T18:37:42.092Z] Invalid country
{
  "line": "\"868\",\"830\",\"\",\"TR\",\"\",\"8918\",\"PORT SPAIN\",\"NOCLLIKNOWN\",\"\",\"ICO\",\"\",\"\",\"830\",\"\"",
  "country": ""
}

[2025-02-08T18:37:42.092Z] Invalid country
{
  "line": "\"868\",\"831\",\"\",\"TR\",\"\",\"8918\",\"PORT SPAIN\",\"NOCLLIKNOWN\",\"\",\"ICO\",\"\",\"\",\"830\",\"\"",
  "country": ""
}

[2025-02-08T18:37:42.092Z] Invalid country
{
  "line": "\"868\",\"832\",\"\",\"TR\",\"\",\"8918\",\"PORT SPAIN\",\"NOCLLIKNOWN\",\"\",\"ICO\",\"\",\"\",\"830\",\"\"",
  "country": ""
}

[2025-02-08T18:37:42.092Z] Invalid country
{
  "line": "\"868\",\"833\",\"\",\"TR\",\"\",\"8918\",\"PORT SPAIN\",\"NOCLLIKNOWN\",\"\",\"ICO\",\"\",\"\",\"830\",\"\"",
  "country": ""
}

[2025-02-08T18:37:42.092Z] Invalid country
{
  "line": "\"869\",\"465\",\"\",\"KA\",\"\",\"8914\",\"BASSETERRE\",\"NOCLLIKNOWN\",\"\",\"ICO\",\"\",\"\",\"830\",\"\"",
  "country": ""
}

[2025-02-08T18:37:42.092Z] Invalid country
{
  "line": "\"869\",\"466\",\"\",\"KA\",\"\",\"8914\",\"BASSETERRE\",\"NOCLLIKNOWN\",\"\",\"ICO\",\"\",\"\",\"830\",\"\"",
  "country": ""
}

[2025-02-08T18:37:42.092Z] Invalid country
{
  "line": "\"869\",\"467\",\"\",\"KA\",\"\",\"8914\",\"BASSETERRE\",\"NOCLLIKNOWN\",\"\",\"ICO\",\"\",\"\",\"830\",\"\"",
  "country": ""
}

[2025-02-08T18:37:42.092Z] Invalid country
{
  "line": "\"869\",\"468\",\"\",\"KA\",\"\",\"8914\",\"BASSETERRE\",\"NOCLLIKNOWN\",\"\",\"ICO\",\"\",\"\",\"830\",\"\"",
  "country": ""
}

[2025-02-08T18:37:42.092Z] Invalid country
{
  "line": "\"869\",\"469\",\"\",\"KA\",\"\",\"8913\",\"NEW CASTLE\",\"NOCLLIKNOWN\",\"\",\"ICO\",\"\",\"\",\"830\",\"\"",
  "country": ""
}

[2025-02-08T18:37:42.092Z] Invalid country
{
  "line": "\"869\",\"555\",\"\",\"KA\",\"MULTIPLE OCN LISTING\",\"MULT\",\"DIR ASST\",\"NOCLLIKNOWN\",\"\",\"UNKNOWN\",\"\",\"\",\"99999\",\"\"",
  "country": ""
}

[2025-02-08T18:37:42.092Z] Invalid country
{
  "line": "\"869\",\"662\",\"\",\"KA\",\"\",\"8914\",\"BASSETERRE\",\"NOCLLIKNOWN\",\"\",\"ICO\",\"\",\"\",\"830\",\"\"",
  "country": ""
}

